#
# A fatal error has been detected by the Java Runtime Environment:
#
#  SIGSEGV (0xb) at pc=0x00007fff98693000, pid=1146, tid=0x000000000000d803
#
# JRE version: Java(TM) SE Runtime Environment (8.0_102-b14) (build 1.8.0_102-b14)
# Java VM: Java HotSpot(TM) 64-Bit Server VM (25.102-b14 mixed mode bsd-amd64 compressed oops)
# Problematic frame:
# C  [GLEngine+0x159000]  gleRunVertexSubmitImmediate+0x1c10
#
# Failed to write core dump. Core dumps have been disabled. To enable core dumping, try "ulimit -c unlimited" before starting Java again
#
# If you would like to submit a bug report, please visit:
#   http://bugreport.java.com/bugreport/crash.jsp
# The crash happened outside the Java Virtual Machine in native code.
# See problematic frame for where to report the bug.
#

---------------  T H R E A D  ---------------

Current thread (0x00007ffb8b9ea800):  JavaThread "AWT-EventQueue-0" [_thread_in_native, id=55299, stack(0x0000700001868000,0x0000700001968000)]

siginfo: si_signo: 11 (SIGSEGV), si_code: 1 (SEGV_MAPERR), si_addr: 0x0000000000000000

Registers:
RAX=0x0000000000000000, RBX=0x00007fff9869420c, RCX=0x0000000000000006, RDX=0x0000000000000004
RSP=0x0000700001966060, RBP=0x00007000019662f0, RSI=0x0000000013400000, RDI=0x00007fff98692c9a
R8 =0x0000000006803013, R9 =0x00007ffb8c7dfed0, R10=0x0000000000000004, R11=0x0000000000000006
R12=0x0000000000000034, R13=0x0000000000000001, R14=0x0000000000000001, R15=0x0000000003000000
RIP=0x00007fff98693000, EFLAGS=0x0000000000010206, ERR=0x0000000000000004
  TRAPNO=0x000000000000000e

Top of Stack: (sp=0x0000700001966060)
0x0000700001966060:   00007ffb8c7e0010 00007ffb8a534e30
0x0000700001966070:   00007000019660d0 000000011e69afa6
0x0000700001966080:   0000000000000000 00007ffb8a534e30
0x0000700001966090:   00000000000022c0 010000011e290fff
0x00007000019660a0:   0000000100010140 007e7ffffffffff7
0x00007000019660b0:   00007ffb8a534e30 007e7ffffffffff7
0x00007000019660c0:   ea004690865abe20 ffefcfdeffffffff
0x00007000019660d0:   0000700001966270 000000011e29069f
0x00007000019660e0:   00007ffb8a534000 0000000000000000
0x00007000019660f0:   00007ffb8c7d98a0 00007ffb8a54fc00
0x0000700001966100:   0000700001966170 000000011e203fe6
0x0000700001966110:   0000000000000008 0000000000000008
0x0000700001966120:   00007ffb8a54fc38 00007ffb8a53e1a8
0x0000700001966130:   0000200100000000 00007ffb8c800da0
0x0000700001966140:   00007ffb8c800d60 00007ffb8c800d80
0x0000700001966150:   00007ffb8c800d50 0000700001966288
0x0000700001966160:   00007ffb8c800d90 00007ffb8c800d70
0x0000700001966170:   00007ffb8c800d40 0000000000000000
0x0000700001966180:   0000000000000000 00007ffb8c800d90
0x0000700001966190:   00007ffb8c800d90 0000000000000000
0x00007000019661a0:   0000000601966240 0000000000000000
0x00007000019661b0:   000000027a000003 0000000000000004
0x00007000019661c0:   0000000000000000 00007ffb8c800c00
0x00007000019661d0:   0000000006026010 00000000ffffffff
0x00007000019661e0:   fffffffe7a000003 00007ffb8c7dfed0
0x00007000019661f0:   0000000000000002 0000003401809804
0x0000700001966200:   0000000000000000 0000000000000000
0x0000700001966210:   ea004690865abe20 0000000000000002
0x0000700001966220:   0000000000001548 00007ffb8a537d18
0x0000700001966230:   00007ffb8a534e30 0000000000000020
0x0000700001966240:   0000700001966270 000000011e1fcf90
0x0000700001966250:   0000000000000000 0000000000000000 

Instructions: (pc=0x00007fff98693000)
0x00007fff98692fe0:   08 66 0f 14 c1 0f 5b e0 e9 13 08 00 00 0f 57 d2
0x00007fff98692ff0:   f3 0f 10 d1 0f 14 e0 66 0f 14 e2 e9 00 08 00 00
0x00007fff98693000:   66 0f 28 20 e9 f7 07 00 00 0f b7 08 0f b6 40 02
0x00007fff98693010:   c1 e0 10 09 c8 66 0f 6e d0 66 0f 60 d2 66 0f 61 

Register to memory mapping:

RAX=0x0000000000000000 is an unknown value
RBX=0x00007fff9869420c: gleRunVertexSubmitImmediate+0x2e1c in /System/Library/Frameworks/OpenGL.framework/Versions/A/Resources/GLEngine.bundle/GLEngine at 0x00007fff9853a000
RCX=0x0000000000000006 is an unknown value
RDX=0x0000000000000004 is an unknown value
RSP=0x0000700001966060 is pointing into the stack for thread: 0x00007ffb8b9ea800
RBP=0x00007000019662f0 is pointing into the stack for thread: 0x00007ffb8b9ea800
RSI=0x0000000013400000 is an unknown value
RDI=0x00007fff98692c9a: gleRunVertexSubmitImmediate+0x18aa in /System/Library/Frameworks/OpenGL.framework/Versions/A/Resources/GLEngine.bundle/GLEngine at 0x00007fff9853a000
R8 =0x0000000006803013 is an unknown value
R9 =0x00007ffb8c7dfed0 is an unknown value
R10=0x0000000000000004 is an unknown value
R11=0x0000000000000006 is an unknown value
R12=0x0000000000000034 is an unknown value
R13=0x0000000000000001 is an unknown value
R14=0x0000000000000001 is an unknown value
R15=0x0000000003000000 is an unknown value


Stack: [0x0000700001868000,0x0000700001968000],  sp=0x0000700001966060,  free space=1016k
Native frames: (J=compiled Java code, j=interpreted, Vv=VM code, C=native code)
C  [GLEngine+0x159000]  gleRunVertexSubmitImmediate+0x1c10
C  [GLEngine+0x28128]  glDrawArrays_Exec+0x285
C  [libjogl_desktop.jnilib+0x28560]  Java_jogamp_opengl_gl4_GL4bcImpl_dispatch_1glDrawArrays1__IIIJ+0x40
j  jogamp.opengl.gl4.GL4bcImpl.dispatch_glDrawArrays1(IIIJ)V+0
j  jogamp.opengl.gl4.GL4bcImpl.glDrawArrays(III)V+45
j  ufrrj.bruno.ia.Telas.GL.display(Lcom/jogamp/opengl/GLAutoDrawable;)V+354
j  jogamp.opengl.GLDrawableHelper.displayImpl(Lcom/jogamp/opengl/GLAutoDrawable;)V+62
j  jogamp.opengl.GLDrawableHelper.display(Lcom/jogamp/opengl/GLAutoDrawable;)V+2
j  com.jogamp.opengl.awt.GLCanvas$11.run()V+118
j  jogamp.opengl.GLDrawableHelper.invokeGLImpl(Lcom/jogamp/opengl/GLDrawable;Lcom/jogamp/opengl/GLContext;Ljava/lang/Runnable;Ljava/lang/Runnable;)V+203
j  jogamp.opengl.GLDrawableHelper.invokeGL(Lcom/jogamp/opengl/GLDrawable;Lcom/jogamp/opengl/GLContext;Ljava/lang/Runnable;Ljava/lang/Runnable;)V+72
j  com.jogamp.opengl.awt.GLCanvas$12.run()V+104
j  java.awt.event.InvocationEvent.dispatch()V+11
j  java.awt.EventQueue.dispatchEventImpl(Ljava/awt/AWTEvent;Ljava/lang/Object;)V+21
j  java.awt.EventQueue.access$500(Ljava/awt/EventQueue;Ljava/awt/AWTEvent;Ljava/lang/Object;)V+3
j  java.awt.EventQueue$3.run()Ljava/lang/Void;+32
j  java.awt.EventQueue$3.run()Ljava/lang/Object;+1
v  ~StubRoutines::call_stub
V  [libjvm.dylib+0x2ed5e2]  JavaCalls::call_helper(JavaValue*, methodHandle*, JavaCallArguments*, Thread*)+0x6ae
V  [libjvm.dylib+0x34dd04]  JVM_DoPrivileged+0x4b8
j  java.security.AccessController.doPrivileged(Ljava/security/PrivilegedAction;Ljava/security/AccessControlContext;)Ljava/lang/Object;+0
j  java.security.ProtectionDomain$JavaSecurityAccessImpl.doIntersectionPrivilege(Ljava/security/PrivilegedAction;Ljava/security/AccessControlContext;Ljava/security/AccessControlContext;)Ljava/lang/Object;+18
j  java.awt.EventQueue.dispatchEvent(Ljava/awt/AWTEvent;)V+46
j  java.awt.EventDispatchThread.pumpOneEventForFilters(I)V+245
j  java.awt.EventDispatchThread.pumpEventsForFilter(ILjava/awt/Conditional;Ljava/awt/EventFilter;)V+35
j  java.awt.EventDispatchThread.pumpEventsForHierarchy(ILjava/awt/Conditional;Ljava/awt/Component;)V+11
j  java.awt.EventDispatchThread.pumpEvents(ILjava/awt/Conditional;)V+4
j  java.awt.EventDispatchThread.pumpEvents(Ljava/awt/Conditional;)V+3
j  java.awt.EventDispatchThread.run()V+9
v  ~StubRoutines::call_stub
V  [libjvm.dylib+0x2ed5e2]  JavaCalls::call_helper(JavaValue*, methodHandle*, JavaCallArguments*, Thread*)+0x6ae
V  [libjvm.dylib+0x2edd70]  JavaCalls::call_virtual(JavaValue*, KlassHandle, Symbol*, Symbol*, JavaCallArguments*, Thread*)+0x164
V  [libjvm.dylib+0x2edf1c]  JavaCalls::call_virtual(JavaValue*, Handle, KlassHandle, Symbol*, Symbol*, Thread*)+0x4a
V  [libjvm.dylib+0x348691]  thread_entry(JavaThread*, Thread*)+0x7c
V  [libjvm.dylib+0x56a4db]  JavaThread::thread_main_inner()+0x9b
V  [libjvm.dylib+0x56bbc8]  JavaThread::run()+0x1c2
V  [libjvm.dylib+0x489ed2]  java_start(Thread*)+0xf6
C  [libsystem_pthread.dylib+0x399d]  _pthread_body+0x83
C  [libsystem_pthread.dylib+0x391a]  _pthread_body+0x0
C  [libsystem_pthread.dylib+0x1351]  thread_start+0xd
C  0x0000000000000000

Java frames: (J=compiled Java code, j=interpreted, Vv=VM code)
j  jogamp.opengl.gl4.GL4bcImpl.dispatch_glDrawArrays1(IIIJ)V+0
j  jogamp.opengl.gl4.GL4bcImpl.glDrawArrays(III)V+45
j  ufrrj.bruno.ia.Telas.GL.display(Lcom/jogamp/opengl/GLAutoDrawable;)V+354
j  jogamp.opengl.GLDrawableHelper.displayImpl(Lcom/jogamp/opengl/GLAutoDrawable;)V+62
j  jogamp.opengl.GLDrawableHelper.display(Lcom/jogamp/opengl/GLAutoDrawable;)V+2
j  com.jogamp.opengl.awt.GLCanvas$11.run()V+118
j  jogamp.opengl.GLDrawableHelper.invokeGLImpl(Lcom/jogamp/opengl/GLDrawable;Lcom/jogamp/opengl/GLContext;Ljava/lang/Runnable;Ljava/lang/Runnable;)V+203
j  jogamp.opengl.GLDrawableHelper.invokeGL(Lcom/jogamp/opengl/GLDrawable;Lcom/jogamp/opengl/GLContext;Ljava/lang/Runnable;Ljava/lang/Runnable;)V+72
j  com.jogamp.opengl.awt.GLCanvas$12.run()V+104
j  java.awt.event.InvocationEvent.dispatch()V+11
j  java.awt.EventQueue.dispatchEventImpl(Ljava/awt/AWTEvent;Ljava/lang/Object;)V+21
j  java.awt.EventQueue.access$500(Ljava/awt/EventQueue;Ljava/awt/AWTEvent;Ljava/lang/Object;)V+3
j  java.awt.EventQueue$3.run()Ljava/lang/Void;+32
j  java.awt.EventQueue$3.run()Ljava/lang/Object;+1
v  ~StubRoutines::call_stub
j  java.security.AccessController.doPrivileged(Ljava/security/PrivilegedAction;Ljava/security/AccessControlContext;)Ljava/lang/Object;+0
j  java.security.ProtectionDomain$JavaSecurityAccessImpl.doIntersectionPrivilege(Ljava/security/PrivilegedAction;Ljava/security/AccessControlContext;Ljava/security/AccessControlContext;)Ljava/lang/Object;+18
j  java.awt.EventQueue.dispatchEvent(Ljava/awt/AWTEvent;)V+46
j  java.awt.EventDispatchThread.pumpOneEventForFilters(I)V+245
j  java.awt.EventDispatchThread.pumpEventsForFilter(ILjava/awt/Conditional;Ljava/awt/EventFilter;)V+35
j  java.awt.EventDispatchThread.pumpEventsForHierarchy(ILjava/awt/Conditional;Ljava/awt/Component;)V+11
j  java.awt.EventDispatchThread.pumpEvents(ILjava/awt/Conditional;)V+4
j  java.awt.EventDispatchThread.pumpEvents(Ljava/awt/Conditional;)V+3
j  java.awt.EventDispatchThread.run()V+9
v  ~StubRoutines::call_stub

---------------  P R O C E S S  ---------------

Java Threads: ( => current thread )
  0x00007ffb8b801000 JavaThread "DestroyJavaVM" [_thread_blocked, id=4099, stack(0x0000700000084000,0x0000700000184000)]
  0x00007ffb8a9ce000 JavaThread "main-FPSAWTAnimator#00-Timer0" [_thread_blocked, id=57863, stack(0x0000700001b71000,0x0000700001c71000)]
  0x00007ffb8b9d8800 JavaThread "Sistema Imunologico - IA" [_thread_blocked, id=57359, stack(0x0000700001a6e000,0x0000700001b6e000)]
  0x00007ffb8a335000 JavaThread "org.netbeans.modules.debugger.jpda.visual AWT Access Loop" daemon [_thread_blocked, id=55811, stack(0x000070000196b000,0x0000700001a6b000)]
=>0x00007ffb8b9ea800 JavaThread "AWT-EventQueue-0" [_thread_in_native, id=55299, stack(0x0000700001868000,0x0000700001968000)]
  0x00007ffb8a329000 JavaThread "Java2D Disposer" daemon [_thread_blocked, id=54799, stack(0x0000700001765000,0x0000700001865000)]
  0x00007ffb8a327800 JavaThread "Java2D Queue Flusher" daemon [_thread_blocked, id=50955, stack(0x0000700001662000,0x0000700001762000)]
  0x00007ffb8a2e1800 JavaThread "AWT-Shutdown" [_thread_blocked, id=30739, stack(0x0000700001459000,0x0000700001559000)]
  0x00007ffb8a2d3000 JavaThread "AWT-AppKit" daemon [_thread_blocked, id=2571, stack(0x00007fff5bc70000,0x00007fff5c470000)]
  0x00007ffb8b859800 JavaThread "Service Thread" daemon [_thread_blocked, id=20227, stack(0x000070000114d000,0x000070000124d000)]
  0x00007ffb8b82c000 JavaThread "C1 CompilerThread2" daemon [_thread_blocked, id=19715, stack(0x000070000104a000,0x000070000114a000)]
  0x00007ffb8b80d000 JavaThread "C2 CompilerThread1" daemon [_thread_in_native, id=19203, stack(0x0000700000f47000,0x0000700001047000)]
  0x00007ffb8a078000 JavaThread "C2 CompilerThread0" daemon [_thread_blocked, id=18691, stack(0x0000700000e44000,0x0000700000f44000)]
  0x00007ffb8a06b800 JavaThread "JDWP Command Reader" daemon [_thread_in_native, id=18179, stack(0x0000700000d41000,0x0000700000e41000)]
  0x00007ffb8b01f800 JavaThread "JDWP Event Helper Thread" daemon [_thread_blocked, id=17667, stack(0x0000700000c3e000,0x0000700000d3e000)]
  0x00007ffb8a06c800 JavaThread "JDWP Transport Listener: dt_socket" daemon [_thread_blocked, id=17155, stack(0x0000700000b3b000,0x0000700000c3b000)]
  0x00007ffb8a806800 JavaThread "Signal Dispatcher" daemon [_thread_blocked, id=13839, stack(0x0000700000a38000,0x0000700000b38000)]
  0x00007ffb8b01e800 JavaThread "Finalizer" daemon [_thread_blocked, id=11779, stack(0x000070000082f000,0x000070000092f000)]
  0x00007ffb8a063800 JavaThread "Reference Handler" daemon [_thread_blocked, id=11267, stack(0x000070000072c000,0x000070000082c000)]

Other Threads:
  0x00007ffb8a05f000 VMThread [stack: 0x0000700000629000,0x0000700000729000] [id=10755]
  0x00007ffb8a814800 WatcherThread [stack: 0x0000700001250000,0x0000700001350000] [id=20739]

VM state:not at safepoint (normal execution)

VM Mutex/Monitor currently owned by a thread: None

Heap:
 PSYoungGen      total 28672K, used 10480K [0x00000007a0000000, 0x00000007a2000000, 0x00000007c0000000)
  eden space 24576K, 26% used [0x00000007a0000000,0x00000007a063f8f8,0x00000007a1800000)
  from space 4096K, 99% used [0x00000007a1800000,0x00000007a1bfca28,0x00000007a1c00000)
  to   space 4096K, 0% used [0x00000007a1c00000,0x00000007a1c00000,0x00000007a2000000)
 ParOldGen       total 65536K, used 1253K [0x0000000760000000, 0x0000000764000000, 0x00000007a0000000)
  object space 65536K, 1% used [0x0000000760000000,0x0000000760139490,0x0000000764000000)
 Metaspace       used 16682K, capacity 16964K, committed 17280K, reserved 1064960K
  class space    used 1792K, capacity 1878K, committed 1920K, reserved 1048576K

Card table byte_map: [0x00000001147c0000,0x0000000114ac1000] byte_map_base: 0x0000000110cc0000

Marking Bits: (ParMarkBitMap*) 0x00000001042fbd20
 Begin Bits: [0x0000000114cc1000, 0x00000001164c1000)
 End Bits:   [0x00000001164c1000, 0x0000000117cc1000)

Polling page: 0x00000001049f0000

CodeCache: size=245760Kb used=3501Kb max_used=3501Kb free=242258Kb
 bounds [0x0000000105400000, 0x0000000105770000, 0x0000000114400000]
 total_blobs=1667 nmethods=856 adapters=733
 compilation: enabled

Compilation events (10 events):
Event: 4.157 Thread 0x00007ffb8b82c000  845       3       java.util.HashMap::<init> (11 bytes)
Event: 4.157 Thread 0x00007ffb8b82c000 nmethod 845 0x0000000105769090 code [0x0000000105769200, 0x0000000105769410]
Event: 4.165 Thread 0x00007ffb8b82c000  853       3       java.nio.DirectByteBuffer::ix (10 bytes)
Event: 4.165 Thread 0x00007ffb8b82c000 nmethod 853 0x0000000105769a50 code [0x0000000105769ba0, 0x0000000105769cf0]
Event: 4.165 Thread 0x00007ffb8b82c000  854       3       java.nio.DirectByteBuffer::put (18 bytes)
Event: 4.166 Thread 0x00007ffb8b82c000 nmethod 854 0x0000000105769d50 code [0x0000000105769ec0, 0x000000010576a130]
Event: 4.166 Thread 0x00007ffb8b82c000  856       3       com.jogamp.opengl.util.PNGPixelRect::getPixelRGBSame (72 bytes)
Event: 4.166 Thread 0x00007ffb8b82c000 nmethod 856 0x000000010576a290 code [0x000000010576a440, 0x000000010576a9f8]
Event: 4.168 Thread 0x00007ffb8b82c000  857       3       java.util.HashSet::<init> (16 bytes)
Event: 4.168 Thread 0x00007ffb8b82c000 nmethod 857 0x000000010576ac50 code [0x000000010576ade0, 0x000000010576b1f0]

GC Heap History (2 events):
Event: 2.812 GC heap before
{Heap before GC invocations=1 (full 0):
 PSYoungGen      total 28672K, used 24576K [0x00000007a0000000, 0x00000007a2000000, 0x00000007c0000000)
  eden space 24576K, 100% used [0x00000007a0000000,0x00000007a1800000,0x00000007a1800000)
  from space 4096K, 0% used [0x00000007a1c00000,0x00000007a1c00000,0x00000007a2000000)
  to   space 4096K, 0% used [0x00000007a1800000,0x00000007a1800000,0x00000007a1c00000)
 ParOldGen       total 65536K, used 0K [0x0000000760000000, 0x0000000764000000, 0x00000007a0000000)
  object space 65536K, 0% used [0x0000000760000000,0x0000000760000000,0x0000000764000000)
 Metaspace       used 14823K, capacity 15054K, committed 15232K, reserved 1062912K
  class space    used 1547K, capacity 1647K, committed 1664K, reserved 1048576K
Event: 2.822 GC heap after
Heap after GC invocations=1 (full 0):
 PSYoungGen      total 28672K, used 4082K [0x00000007a0000000, 0x00000007a2000000, 0x00000007c0000000)
  eden space 24576K, 0% used [0x00000007a0000000,0x00000007a0000000,0x00000007a1800000)
  from space 4096K, 99% used [0x00000007a1800000,0x00000007a1bfca28,0x00000007a1c00000)
  to   space 4096K, 0% used [0x00000007a1c00000,0x00000007a1c00000,0x00000007a2000000)
 ParOldGen       total 65536K, used 1253K [0x0000000760000000, 0x0000000764000000, 0x00000007a0000000)
  object space 65536K, 1% used [0x0000000760000000,0x0000000760139490,0x0000000764000000)
 Metaspace       used 14823K, capacity 15054K, committed 15232K, reserved 1062912K
  class space    used 1547K, capacity 1647K, committed 1664K, reserved 1048576K
}

Deoptimization events (3 events):
Event: 1.650 Thread 0x00007ffb8b801000 Uncommon trap: reason=unstable_if action=reinterpret pc=0x000000010555728c method=java.lang.String.startsWith(Ljava/lang/String;I)Z @ 25
Event: 2.634 Thread 0x00007ffb8b801000 Uncommon trap: reason=unstable_if action=reinterpret pc=0x00000001056b1b04 method=java.util.HashMap.getNode(ILjava/lang/Object;)Ljava/util/HashMap$Node; @ 116
Event: 4.021 Thread 0x00007ffb8b9ea800 Uncommon trap: reason=unstable_if action=reinterpret pc=0x0000000105565160 method=java.lang.CharacterData.of(I)Ljava/lang/CharacterData; @ 4

Internal exceptions (10 events):
Event: 0.475 Thread 0x00007ffb8b801000 Exception <a 'java/security/PrivilegedActionException'> (0x00000007a02e87c8) thrown at [/Users/java_re/workspace/8-2-build-macosx-x86_64/jdk8u102/7268/hotspot/src/share/vm/prims/jvm.cpp, line 1386]
Event: 0.475 Thread 0x00007ffb8b801000 Exception <a 'java/security/PrivilegedActionException'> (0x00000007a02e89d8) thrown at [/Users/java_re/workspace/8-2-build-macosx-x86_64/jdk8u102/7268/hotspot/src/share/vm/prims/jvm.cpp, line 1386]
Event: 0.475 Thread 0x00007ffb8b801000 Exception <a 'java/security/PrivilegedActionException'> (0x00000007a02ebce0) thrown at [/Users/java_re/workspace/8-2-build-macosx-x86_64/jdk8u102/7268/hotspot/src/share/vm/prims/jvm.cpp, line 1386]
Event: 0.476 Thread 0x00007ffb8b801000 Exception <a 'java/security/PrivilegedActionException'> (0x00000007a02ebef0) thrown at [/Users/java_re/workspace/8-2-build-macosx-x86_64/jdk8u102/7268/hotspot/src/share/vm/prims/jvm.cpp, line 1386]
Event: 0.593 Thread 0x00007ffb8b801000 Exception <a 'java/lang/UnsatisfiedLinkError': com.jogamp.common.util.JarUtil.fixNativeLibAttribs(Ljava/lang/String;)Z> (0x00000007a0452320) thrown at [/Users/java_re/workspace/8-2-build-macosx-x86_64/jdk8u102/7268/hotspot/src/share/vm/prims/nativeLookup.
Event: 0.676 Thread 0x00007ffb8b801000 Exception <a 'java/lang/NoSuchFieldError': method resolution failed> (0x00000007a0525d58) thrown at [/Users/java_re/workspace/8-2-build-macosx-x86_64/jdk8u102/7268/hotspot/src/share/vm/prims/methodHandles.cpp, line 1146]
Event: 0.685 Thread 0x00007ffb8b801000 Exception <a 'java/lang/NoSuchFieldError': method resolution failed> (0x00000007a0533528) thrown at [/Users/java_re/workspace/8-2-build-macosx-x86_64/jdk8u102/7268/hotspot/src/share/vm/prims/methodHandles.cpp, line 1146]
Event: 1.013 Thread 0x00007ffb8b801000 Exception <a 'java/io/FileNotFoundException'> (0x00000007a06efc50) thrown at [/Users/java_re/workspace/8-2-build-macosx-x86_64/jdk8u102/7268/hotspot/src/share/vm/prims/jni.cpp, line 709]
Event: 1.013 Thread 0x00007ffb8b801000 Exception <a 'java/io/FileNotFoundException'> (0x00000007a06f07b8) thrown at [/Users/java_re/workspace/8-2-build-macosx-x86_64/jdk8u102/7268/hotspot/src/share/vm/prims/jni.cpp, line 709]
Event: 2.824 Thread 0x00007ffb8b01e800 Exception <a 'java/lang/NullPointerException'> (0x00000007a00705a8) thrown at [/Users/java_re/workspace/8-2-build-macosx-x86_64/jdk8u102/7268/hotspot/src/share/vm/interpreter/linkResolver.cpp, line 1178]

Events (10 events):
Event: 4.171 loading class com/jogamp/opengl/util/texture/TextureCoords
Event: 4.171 loading class com/jogamp/opengl/util/texture/TextureCoords done
Event: 4.171 Thread 0x00007ffb8b9ea800 DEOPT PACKING pc=0x000000010561e8f1 sp=0x0000700001964f50
Event: 4.171 Thread 0x00007ffb8b9ea800 DEOPT UNPACKING pc=0x0000000105447633 sp=0x0000700001964cc0 mode 1
Event: 4.171 Thread 0x00007ffb8b9ea800 DEOPT PACKING pc=0x0000000105549454 sp=0x0000700001964fd0
Event: 4.171 Thread 0x00007ffb8b9ea800 DEOPT UNPACKING pc=0x0000000105447633 sp=0x0000700001964e10 mode 1
Event: 4.171 Thread 0x00007ffb8b9ea800 DEOPT PACKING pc=0x00000001055491f4 sp=0x0000700001965160
Event: 4.171 Thread 0x00007ffb8b9ea800 DEOPT UNPACKING pc=0x0000000105447633 sp=0x0000700001964fa0 mode 1
Event: 4.175 loading class java/nio/DirectFloatBufferU
Event: 4.175 loading class java/nio/DirectFloatBufferU done


Dynamic libraries:
0x0000000007536000 	/System/Library/Frameworks/Cocoa.framework/Versions/A/Cocoa
0x0000000007536000 	/System/Library/Frameworks/Security.framework/Versions/A/Security
0x0000000007536000 	/System/Library/Frameworks/ApplicationServices.framework/Versions/A/ApplicationServices
0x0000000007536000 	/usr/lib/libz.1.dylib
0x0000000007536000 	/usr/lib/libSystem.B.dylib
0x0000000007536000 	/usr/lib/libobjc.A.dylib
0x0000000007536000 	/System/Library/Frameworks/CoreFoundation.framework/Versions/A/CoreFoundation
0x0000000007536000 	/System/Library/Frameworks/Foundation.framework/Versions/C/Foundation
0x0000000007536000 	/System/Library/Frameworks/AppKit.framework/Versions/C/AppKit
0x0000000007536000 	/System/Library/Frameworks/CoreData.framework/Versions/A/CoreData
0x0000000007536000 	/System/Library/PrivateFrameworks/RemoteViewServices.framework/Versions/A/RemoteViewServices
0x0000000007536000 	/System/Library/PrivateFrameworks/UIFoundation.framework/Versions/A/UIFoundation
0x0000000007536000 	/usr/lib/libScreenReader.dylib
0x0000000007536000 	/System/Library/Frameworks/Accelerate.framework/Versions/A/Accelerate
0x0000000007536000 	/System/Library/Frameworks/IOSurface.framework/Versions/A/IOSurface
0x0000000007536000 	/System/Library/Frameworks/AudioToolbox.framework/Versions/A/AudioToolbox
0x0000000007536000 	/System/Library/Frameworks/AudioUnit.framework/Versions/A/AudioUnit
0x0000000007536000 	/System/Library/PrivateFrameworks/DataDetectorsCore.framework/Versions/A/DataDetectorsCore
0x0000000007536000 	/System/Library/PrivateFrameworks/DesktopServicesPriv.framework/Versions/A/DesktopServicesPriv
0x0000000007536000 	/System/Library/Frameworks/Carbon.framework/Versions/A/Frameworks/HIToolbox.framework/Versions/A/HIToolbox
0x0000000007536000 	/System/Library/Frameworks/QuartzCore.framework/Versions/A/QuartzCore
0x0000000007536000 	/System/Library/Frameworks/Carbon.framework/Versions/A/Frameworks/SpeechRecognition.framework/Versions/A/SpeechRecognition
0x0000000007536000 	/usr/lib/libauto.dylib
0x0000000007536000 	/usr/lib/libicucore.A.dylib
0x0000000007536000 	/usr/lib/libxml2.2.dylib
0x0000000007536000 	/System/Library/PrivateFrameworks/CoreUI.framework/Versions/A/CoreUI
0x0000000007536000 	/System/Library/Frameworks/CoreAudio.framework/Versions/A/CoreAudio
0x0000000007536000 	/System/Library/Frameworks/DiskArbitration.framework/Versions/A/DiskArbitration
0x0000000007536000 	/usr/lib/liblangid.dylib
0x0000000007536000 	/System/Library/PrivateFrameworks/MultitouchSupport.framework/Versions/A/MultitouchSupport
0x0000000007536000 	/System/Library/Frameworks/IOKit.framework/Versions/A/IOKit
0x0000000007536000 	/usr/lib/libDiagnosticMessagesClient.dylib
0x0000000007536000 	/System/Library/Frameworks/CoreServices.framework/Versions/A/CoreServices
0x0000000007536000 	/System/Library/PrivateFrameworks/PerformanceAnalysis.framework/Versions/A/PerformanceAnalysis
0x0000000007536000 	/System/Library/PrivateFrameworks/GenerationalStorage.framework/Versions/A/GenerationalStorage
0x0000000007536000 	/System/Library/Frameworks/OpenGL.framework/Versions/A/OpenGL
0x0000000007536000 	/System/Library/PrivateFrameworks/Sharing.framework/Versions/A/Sharing
0x0000000007536000 	/System/Library/Frameworks/CoreGraphics.framework/Versions/A/CoreGraphics
0x0000000007536000 	/System/Library/Frameworks/CoreImage.framework/Versions/A/CoreImage
0x0000000007536000 	/System/Library/Frameworks/CoreText.framework/Versions/A/CoreText
0x0000000007536000 	/System/Library/Frameworks/ImageIO.framework/Versions/A/ImageIO
0x0000000007536000 	/System/Library/PrivateFrameworks/Backup.framework/Versions/A/Backup
0x0000000007536000 	/usr/lib/libextension.dylib
0x0000000007536000 	/usr/lib/libarchive.2.dylib
0x0000000007536000 	/System/Library/Frameworks/CFNetwork.framework/Versions/A/CFNetwork
0x0000000007536000 	/System/Library/Frameworks/SystemConfiguration.framework/Versions/A/SystemConfiguration
0x0000000007536000 	/usr/lib/libCRFSuite.dylib
0x0000000007536000 	/usr/lib/libc++.1.dylib
0x0000000007536000 	/usr/lib/libc++abi.dylib
0x0000000007536000 	/usr/lib/system/libcache.dylib
0x0000000007536000 	/usr/lib/system/libcommonCrypto.dylib
0x0000000007536000 	/usr/lib/system/libcompiler_rt.dylib
0x0000000007536000 	/usr/lib/system/libcopyfile.dylib
0x0000000007536000 	/usr/lib/system/libcorecrypto.dylib
0x0000000007536000 	/usr/lib/system/libdispatch.dylib
0x0000000007536000 	/usr/lib/system/libdyld.dylib
0x0000000007536000 	/usr/lib/system/libkeymgr.dylib
0x0000000007536000 	/usr/lib/system/liblaunch.dylib
0x0000000007536000 	/usr/lib/system/libmacho.dylib
0x0000000007536000 	/usr/lib/system/libquarantine.dylib
0x0000000007536000 	/usr/lib/system/libremovefile.dylib
0x0000000007536000 	/usr/lib/system/libsystem_asl.dylib
0x0000000007536000 	/usr/lib/system/libsystem_blocks.dylib
0x0000000007536000 	/usr/lib/system/libsystem_c.dylib
0x0000000007536000 	/usr/lib/system/libsystem_configuration.dylib
0x0000000007536000 	/usr/lib/system/libsystem_coreservices.dylib
0x0000000007536000 	/usr/lib/system/libsystem_coretls.dylib
0x0000000007536000 	/usr/lib/system/libsystem_dnssd.dylib
0x0000000007536000 	/usr/lib/system/libsystem_info.dylib
0x0000000007536000 	/usr/lib/system/libsystem_kernel.dylib
0x0000000007536000 	/usr/lib/system/libsystem_m.dylib
0x0000000007536000 	/usr/lib/system/libsystem_malloc.dylib
0x0000000007536000 	/usr/lib/system/libsystem_network.dylib
0x0000000007536000 	/usr/lib/system/libsystem_networkextension.dylib
0x0000000007536000 	/usr/lib/system/libsystem_notify.dylib
0x0000000007536000 	/usr/lib/system/libsystem_platform.dylib
0x0000000007536000 	/usr/lib/system/libsystem_pthread.dylib
0x0000000007536000 	/usr/lib/system/libsystem_sandbox.dylib
0x0000000007536000 	/usr/lib/system/libsystem_secinit.dylib
0x0000000007536000 	/usr/lib/system/libsystem_trace.dylib
0x0000000007536000 	/usr/lib/system/libunc.dylib
0x0000000007536000 	/usr/lib/system/libunwind.dylib
0x0000000007536000 	/usr/lib/system/libxpc.dylib
0x0000000007536000 	/usr/lib/libenergytrace.dylib
0x0000000007536000 	/usr/lib/libbsm.0.dylib
0x0000000007536000 	/usr/lib/system/libkxld.dylib
0x0000000007536000 	/usr/lib/libxar.1.dylib
0x0000000007536000 	/usr/lib/libsqlite3.dylib
0x0000000007536000 	/usr/lib/libpam.2.dylib
0x0000000007536000 	/usr/lib/libOpenScriptingUtil.dylib
0x0000000007536000 	/usr/lib/libbz2.1.0.dylib
0x0000000007536000 	/usr/lib/liblzma.5.dylib
0x0000000007536000 	/System/Library/Frameworks/CoreServices.framework/Versions/A/Frameworks/FSEvents.framework/Versions/A/FSEvents
0x0000000007536000 	/System/Library/Frameworks/CoreServices.framework/Versions/A/Frameworks/CarbonCore.framework/Versions/A/CarbonCore
0x0000000007536000 	/System/Library/Frameworks/CoreServices.framework/Versions/A/Frameworks/Metadata.framework/Versions/A/Metadata
0x0000000007536000 	/System/Library/Frameworks/CoreServices.framework/Versions/A/Frameworks/OSServices.framework/Versions/A/OSServices
0x0000000007536000 	/System/Library/Frameworks/CoreServices.framework/Versions/A/Frameworks/SearchKit.framework/Versions/A/SearchKit
0x0000000007536000 	/System/Library/Frameworks/CoreServices.framework/Versions/A/Frameworks/AE.framework/Versions/A/AE
0x0000000007536000 	/System/Library/Frameworks/CoreServices.framework/Versions/A/Frameworks/LaunchServices.framework/Versions/A/LaunchServices
0x0000000007536000 	/System/Library/Frameworks/CoreServices.framework/Versions/A/Frameworks/DictionaryServices.framework/Versions/A/DictionaryServices
0x0000000007536000 	/System/Library/Frameworks/CoreServices.framework/Versions/A/Frameworks/SharedFileList.framework/Versions/A/SharedFileList
0x0000000007536000 	/System/Library/Frameworks/NetFS.framework/Versions/A/NetFS
0x0000000007536000 	/System/Library/PrivateFrameworks/NetAuth.framework/Versions/A/NetAuth
0x0000000007536000 	/System/Library/PrivateFrameworks/login.framework/Versions/A/Frameworks/loginsupport.framework/Versions/A/loginsupport
0x0000000007536000 	/System/Library/PrivateFrameworks/TCC.framework/Versions/A/TCC
0x0000000007536000 	/usr/lib/libmecabra.dylib
0x0000000007536000 	/System/Library/Frameworks/ApplicationServices.framework/Versions/A/Frameworks/ATS.framework/Versions/A/ATS
0x0000000007536000 	/System/Library/Frameworks/ApplicationServices.framework/Versions/A/Frameworks/ColorSync.framework/Versions/A/ColorSync
0x0000000007536000 	/System/Library/Frameworks/ApplicationServices.framework/Versions/A/Frameworks/HIServices.framework/Versions/A/HIServices
0x0000000007536000 	/System/Library/Frameworks/ApplicationServices.framework/Versions/A/Frameworks/LangAnalysis.framework/Versions/A/LangAnalysis
0x0000000007536000 	/System/Library/Frameworks/ApplicationServices.framework/Versions/A/Frameworks/PrintCore.framework/Versions/A/PrintCore
0x0000000007536000 	/System/Library/Frameworks/ApplicationServices.framework/Versions/A/Frameworks/QD.framework/Versions/A/QD
0x0000000007536000 	/System/Library/Frameworks/ApplicationServices.framework/Versions/A/Frameworks/SpeechSynthesis.framework/Versions/A/SpeechSynthesis
0x0000000007536000 	/System/Library/Frameworks/Metal.framework/Versions/A/Metal
0x0000000007536000 	/System/Library/Frameworks/Accelerate.framework/Versions/A/Frameworks/vImage.framework/Versions/A/vImage
0x0000000007536000 	/System/Library/Frameworks/Accelerate.framework/Versions/A/Frameworks/vecLib.framework/Versions/A/vecLib
0x0000000007536000 	/System/Library/Frameworks/Accelerate.framework/Versions/A/Frameworks/vecLib.framework/Versions/A/libvDSP.dylib
0x0000000007536000 	/System/Library/Frameworks/Accelerate.framework/Versions/A/Frameworks/vecLib.framework/Versions/A/libvMisc.dylib
0x0000000007536000 	/System/Library/Frameworks/Accelerate.framework/Versions/A/Frameworks/vecLib.framework/Versions/A/libLAPACK.dylib
0x0000000007536000 	/System/Library/Frameworks/Accelerate.framework/Versions/A/Frameworks/vecLib.framework/Versions/A/libBLAS.dylib
0x0000000007536000 	/System/Library/Frameworks/Accelerate.framework/Versions/A/Frameworks/vecLib.framework/Versions/A/libLinearAlgebra.dylib
0x0000000007536000 	/System/Library/Frameworks/Accelerate.framework/Versions/A/Frameworks/vecLib.framework/Versions/A/libSparseBLAS.dylib
0x0000000007536000 	/System/Library/PrivateFrameworks/GPUCompiler.framework/libmetal_timestamp.dylib
0x0000000007536000 	/System/Library/Frameworks/OpenGL.framework/Versions/A/Libraries/libCoreFSCache.dylib
0x0000000007536000 	/System/Library/PrivateFrameworks/IOAccelerator.framework/Versions/A/IOAccelerator
0x0000000007536000 	/System/Library/Frameworks/ApplicationServices.framework/Versions/A/Frameworks/ATS.framework/Versions/A/Resources/libFontParser.dylib
0x0000000007536000 	/System/Library/Frameworks/ApplicationServices.framework/Versions/A/Frameworks/ATS.framework/Versions/A/Resources/libFontRegistry.dylib
0x0000000007536000 	/System/Library/PrivateFrameworks/AppleVPA.framework/Versions/A/AppleVPA
0x0000000007536000 	/System/Library/PrivateFrameworks/AppleJPEG.framework/Versions/A/AppleJPEG
0x0000000007536000 	/System/Library/Frameworks/ImageIO.framework/Versions/A/Resources/libJPEG.dylib
0x0000000007536000 	/System/Library/Frameworks/ImageIO.framework/Versions/A/Resources/libTIFF.dylib
0x0000000007536000 	/System/Library/Frameworks/ImageIO.framework/Versions/A/Resources/libPng.dylib
0x0000000007536000 	/System/Library/Frameworks/ImageIO.framework/Versions/A/Resources/libGIF.dylib
0x0000000007536000 	/System/Library/Frameworks/ImageIO.framework/Versions/A/Resources/libJP2.dylib
0x0000000007536000 	/System/Library/Frameworks/ImageIO.framework/Versions/A/Resources/libRadiance.dylib
0x0000000007536000 	/System/Library/Frameworks/CoreVideo.framework/Versions/A/CoreVideo
0x0000000007536000 	/System/Library/Frameworks/OpenGL.framework/Versions/A/Libraries/libGLU.dylib
0x0000000007536000 	/System/Library/Frameworks/OpenGL.framework/Versions/A/Libraries/libGFXShared.dylib
0x0000000007536000 	/System/Library/Frameworks/OpenGL.framework/Versions/A/Libraries/libGL.dylib
0x0000000007536000 	/System/Library/Frameworks/OpenGL.framework/Versions/A/Libraries/libGLImage.dylib
0x0000000007536000 	/System/Library/Frameworks/OpenGL.framework/Versions/A/Libraries/libCVMSPluginSupport.dylib
0x0000000007536000 	/System/Library/Frameworks/OpenGL.framework/Versions/A/Libraries/libCoreVMClient.dylib
0x0000000007536000 	/usr/lib/libcompression.dylib
0x0000000007536000 	/usr/lib/libcups.2.dylib
0x0000000007536000 	/System/Library/Frameworks/Kerberos.framework/Versions/A/Kerberos
0x0000000007536000 	/System/Library/Frameworks/GSS.framework/Versions/A/GSS
0x0000000007536000 	/usr/lib/libresolv.9.dylib
0x0000000007536000 	/usr/lib/libiconv.2.dylib
0x0000000007536000 	/System/Library/PrivateFrameworks/Heimdal.framework/Versions/A/Heimdal
0x0000000007536000 	/usr/lib/libheimdal-asn1.dylib
0x0000000007536000 	/System/Library/Frameworks/OpenDirectory.framework/Versions/A/OpenDirectory
0x0000000007536000 	/System/Library/PrivateFrameworks/CommonAuth.framework/Versions/A/CommonAuth
0x0000000007536000 	/System/Library/Frameworks/OpenDirectory.framework/Versions/A/Frameworks/CFOpenDirectory.framework/Versions/A/CFOpenDirectory
0x0000000007536000 	/System/Library/Frameworks/SecurityFoundation.framework/Versions/A/SecurityFoundation
0x0000000007536000 	/System/Library/PrivateFrameworks/LanguageModeling.framework/Versions/A/LanguageModeling
0x0000000007536000 	/usr/lib/libmarisa.dylib
0x0000000007536000 	/usr/lib/libChineseTokenizer.dylib
0x0000000007536000 	/usr/lib/libcmph.dylib
0x0000000007536000 	/System/Library/Frameworks/ServiceManagement.framework/Versions/A/ServiceManagement
0x0000000007536000 	/usr/lib/libxslt.1.dylib
0x0000000007536000 	/System/Library/Frameworks/Carbon.framework/Versions/A/Frameworks/Ink.framework/Versions/A/Ink
0x0000000007536000 	/usr/lib/libFosl_dynamic.dylib
0x0000000007536000 	/System/Library/PrivateFrameworks/FaceCore.framework/Versions/A/FaceCore
0x0000000007536000 	/System/Library/Frameworks/OpenCL.framework/Versions/A/OpenCL
0x0000000007536000 	/System/Library/PrivateFrameworks/CrashReporterSupport.framework/Versions/A/CrashReporterSupport
0x0000000007536000 	/System/Library/PrivateFrameworks/IconServices.framework/Versions/A/IconServices
0x0000000007536000 	/System/Library/PrivateFrameworks/Apple80211.framework/Versions/A/Apple80211
0x0000000007536000 	/System/Library/Frameworks/CoreWLAN.framework/Versions/A/CoreWLAN
0x0000000007536000 	/System/Library/Frameworks/IOBluetooth.framework/Versions/A/IOBluetooth
0x0000000007536000 	/System/Library/PrivateFrameworks/CoreWiFi.framework/Versions/A/CoreWiFi
0x0000000007536000 	/System/Library/Frameworks/CoreBluetooth.framework/Versions/A/CoreBluetooth
0x0000000007536000 	/System/Library/PrivateFrameworks/ChunkingLibrary.framework/Versions/A/ChunkingLibrary
0x0000000007536000 	/System/Library/PrivateFrameworks/DebugSymbols.framework/Versions/A/DebugSymbols
0x0000000007536000 	/System/Library/PrivateFrameworks/CoreSymbolication.framework/Versions/A/CoreSymbolication
0x0000000007536000 	/System/Library/PrivateFrameworks/Symbolication.framework/Versions/A/Symbolication
0x0000000007536000 	/System/Library/PrivateFrameworks/SpeechRecognitionCore.framework/Versions/A/SpeechRecognitionCore
0x0000000103a0c000 	/Library/Java/JavaVirtualMachines/jdk1.8.0_102.jdk/Contents/Home/jre/lib/server/libjvm.dylib
0x0000000007536000 	/usr/lib/libstdc++.6.dylib
0x00000001049ad000 	/Library/Java/JavaVirtualMachines/jdk1.8.0_102.jdk/Contents/Home/jre/lib/libverify.dylib
0x00000001049bb000 	/Library/Java/JavaVirtualMachines/jdk1.8.0_102.jdk/Contents/Home/jre/lib/libjava.dylib
0x00000001049f1000 	/Library/Java/JavaVirtualMachines/jdk1.8.0_102.jdk/Contents/Home/jre/lib/libjdwp.dylib
0x0000000104a3c000 	/Library/Java/JavaVirtualMachines/jdk1.8.0_102.jdk/Contents/Home/jre/lib/libnpt.dylib
0x0000000104a4d000 	/Library/Java/JavaVirtualMachines/jdk1.8.0_102.jdk/Contents/Home/jre/lib/libzip.dylib
0x0000000119906000 	/System/Library/Frameworks/JavaVM.framework/Frameworks/JavaRuntimeSupport.framework/JavaRuntimeSupport
0x0000000119921000 	/System/Library/Frameworks/JavaVM.framework/Versions/A/Frameworks/JavaNativeFoundation.framework/Versions/A/JavaNativeFoundation
0x0000000119936000 	/System/Library/Frameworks/JavaVM.framework/Versions/A/JavaVM
0x0000000007536000 	/System/Library/Frameworks/Carbon.framework/Versions/A/Carbon
0x0000000119943000 	/System/Library/PrivateFrameworks/JavaLaunching.framework/Versions/A/JavaLaunching
0x0000000007536000 	/System/Library/Frameworks/Carbon.framework/Versions/A/Frameworks/CommonPanels.framework/Versions/A/CommonPanels
0x0000000007536000 	/System/Library/Frameworks/Carbon.framework/Versions/A/Frameworks/Help.framework/Versions/A/Help
0x0000000007536000 	/System/Library/Frameworks/Carbon.framework/Versions/A/Frameworks/ImageCapture.framework/Versions/A/ImageCapture
0x0000000007536000 	/System/Library/Frameworks/Carbon.framework/Versions/A/Frameworks/OpenScripting.framework/Versions/A/OpenScripting
0x0000000007536000 	/System/Library/Frameworks/Carbon.framework/Versions/A/Frameworks/Print.framework/Versions/A/Print
0x0000000007536000 	/System/Library/Frameworks/Carbon.framework/Versions/A/Frameworks/SecurityHI.framework/Versions/A/SecurityHI
0x000000011b266000 	/Library/Java/JavaVirtualMachines/jdk1.8.0_102.jdk/Contents/Home/jre/lib/libdt_socket.dylib
0x000000011b2d8000 	/Library/Java/JavaVirtualMachines/jdk1.8.0_102.jdk/Contents/Home/jre/lib/libnet.dylib
0x000000011b337000 	/Library/Java/JavaVirtualMachines/jdk1.8.0_102.jdk/Contents/Home/jre/lib/libnio.dylib
0x000000011b348000 	/private/var/folders/3b/clmh0p6x2qd6p7hvvf5d328r0000gn/T/jogamp_0000/file_cache/jln3662360862744264253/jln5981677584766671168/natives/macosx-universal/libgluegen-rt.jnilib
0x000000011b351000 	/Library/Java/JavaVirtualMachines/jdk1.8.0_102.jdk/Contents/Home/jre/lib/libawt.dylib
0x000000011b3f9000 	/Library/Java/JavaVirtualMachines/jdk1.8.0_102.jdk/Contents/Home/jre/lib/./libmlib_image.dylib
0x000000011b4c5000 	/Library/Java/JavaVirtualMachines/jdk1.8.0_102.jdk/Contents/Home/jre/lib/libawt_lwawt.dylib
0x000000011b57a000 	/Library/Java/JavaVirtualMachines/jdk1.8.0_102.jdk/Contents/Home/jre/lib/./libosxapp.dylib
0x0000000007536000 	/System/Library/Frameworks/ExceptionHandling.framework/Versions/A/ExceptionHandling
0x0000000007536000 	/System/Library/PrivateFrameworks/CoreServicesInternal.framework/Versions/A/CoreServicesInternal
0x000000011c086000 	/System/Library/Frameworks/CoreGraphics.framework/Versions/A/Resources/libRIP.A.dylib
0x0000000007536000 	/System/Library/Frameworks/Accelerate.framework/Versions/A/Frameworks/vImage.framework/Versions/A/Libraries/libCGInterfaces.dylib
0x000000011c321000 	/System/Library/Frameworks/CoreGraphics.framework/Versions/A/Resources/libCGXType.A.dylib
0x0000000007536000 	/System/Library/Frameworks/OpenCL.framework/Versions/A/Libraries/libcldcpuengine.dylib
0x0000000007536000 	/System/Library/PrivateFrameworks/DiskImages.framework/Versions/A/DiskImages
0x0000000007536000 	/System/Library/Frameworks/DiscRecording.framework/Versions/A/DiscRecording
0x0000000007536000 	/usr/lib/libcsfde.dylib
0x0000000007536000 	/usr/lib/libcurl.4.dylib
0x0000000007536000 	/System/Library/PrivateFrameworks/MediaKit.framework/Versions/A/MediaKit
0x0000000007536000 	/System/Library/PrivateFrameworks/ProtectedCloudStorage.framework/Versions/A/ProtectedCloudStorage
0x0000000007536000 	/usr/lib/libCoreStorage.dylib
0x0000000007536000 	/System/Library/PrivateFrameworks/EFILogin.framework/Versions/A/EFILogin
0x0000000007536000 	/usr/lib/libutil.dylib
0x0000000007536000 	/System/Library/PrivateFrameworks/FindMyDevice.framework/Versions/A/FindMyDevice
0x0000000007536000 	/System/Library/Frameworks/LDAP.framework/Versions/A/LDAP
0x0000000007536000 	/usr/lib/libsasl2.2.dylib
0x0000000007536000 	/System/Library/PrivateFrameworks/CoreDaemon.framework/Versions/B/CoreDaemon
0x0000000007536000 	/usr/lib/libcrypto.0.9.8.dylib
0x0000000007536000 	/System/Library/PrivateFrameworks/AppleSRP.framework/Versions/A/AppleSRP
0x0000000007536000 	/System/Library/PrivateFrameworks/TrustEvaluationAgent.framework/Versions/A/TrustEvaluationAgent
0x000000011d0a9000 	cl_kernels
0x0000000007536000 	/System/Library/Frameworks/OpenCL.framework/Versions/A/Libraries/ImageFormats/unorm8_bgra.dylib
0x0000000007536000 	/System/Library/Frameworks/OpenCL.framework/Versions/A/Libraries/ImageFormats/unorm8_rgba.dylib
0x0000000007536000 	/System/Library/PrivateFrameworks/FamilyControls.framework/Versions/A/FamilyControls
0x0000000007536000 	/System/Library/PrivateFrameworks/CommerceKit.framework/Versions/A/Frameworks/CommerceCore.framework/Versions/A/CommerceCore
0x0000000007536000 	/System/Library/PrivateFrameworks/SystemAdministration.framework/Versions/A/SystemAdministration
0x0000000007536000 	/System/Library/PrivateFrameworks/AppContainer.framework/Versions/A/AppContainer
0x0000000007536000 	/System/Library/PrivateFrameworks/SecCodeWrapper.framework/Versions/A/SecCodeWrapper
0x0000000007536000 	/System/Library/Frameworks/DirectoryService.framework/Versions/A/DirectoryService
0x0000000007536000 	/System/Library/PrivateFrameworks/LoginUIKit.framework/Versions/A/Frameworks/LoginUICore.framework/Versions/A/LoginUICore
0x0000000007536000 	/usr/lib/libodfde.dylib
0x000000011e13d000 	/Library/Java/JavaVirtualMachines/jdk1.8.0_102.jdk/Contents/Home/jre/lib/libfontmanager.dylib
0x000000011c2a5000 	/private/var/folders/3b/clmh0p6x2qd6p7hvvf5d328r0000gn/T/jogamp_0000/file_cache/jln3662360862744264253/jln5981677584766671168/natives/macosx-universal/libnativewindow_awt.jnilib
0x000000011c2a8000 	/Library/Java/JavaVirtualMachines/jdk1.8.0_102.jdk/Contents/Home/jre/lib/libjawt.dylib
0x0000000007536000 	/System/Library/Frameworks/OpenGL.framework/Versions/A/Resources/GLEngine.bundle/GLEngine
0x0000000007536000 	/System/Library/Frameworks/OpenGL.framework/Versions/A/Libraries/libGLProgrammability.dylib
0x000000011e1a4000 	/System/Library/Extensions/AppleIntelHD5000GraphicsGLDriver.bundle/Contents/MacOS/AppleIntelHD5000GraphicsGLDriver
0x0000000007536000 	/System/Library/PrivateFrameworks/GPUSupport.framework/Versions/A/Libraries/libGPUSupportMercury.dylib
0x0000000007536000 	/System/Library/Frameworks/OpenGL.framework/Versions/A/Resources/GLRendererFloat.bundle/GLRendererFloat
0x000000011f186000 	/private/var/folders/3b/clmh0p6x2qd6p7hvvf5d328r0000gn/T/jogamp_0000/file_cache/jln3662360862744264253/jln5981677584766671168/natives/macosx-universal/libnativewindow_macosx.jnilib
0x000000011f628000 	/private/var/folders/3b/clmh0p6x2qd6p7hvvf5d328r0000gn/T/jogamp_0000/file_cache/jln3662360862744264253/jln5981677584766671168/natives/macosx-universal/libjogl_desktop.jnilib
0x000000011f6fc000 	/private/var/folders/3b/clmh0p6x2qd6p7hvvf5d328r0000gn/T/jogamp_0000/file_cache/jln3662360862744264253/jln5981677584766671168/natives/macosx-universal/libjogl_mobile.jnilib
0x000000011f763000 	/Library/Java/JavaVirtualMachines/jdk1.8.0_102.jdk/Contents/Home/jre/lib/libosxui.dylib
0x0000000122aa2000 	/System/Library/Extensions/AppleIntelHD5000GraphicsMTLDriver.bundle/Contents/MacOS/AppleIntelHD5000GraphicsMTLDriver
0x0000000007536000 	/System/Library/Frameworks/ApplicationServices.framework/Versions/A/Frameworks/ATS.framework/Versions/A/Resources/libTrueTypeScaler.dylib

VM Arguments:
jvm_args: -Xdebug -Xrunjdwp:transport=dt_socket,address=localhost:49810 -Dfile.encoding=UTF-8 
java_command: ufrrj.bruno.ia.Main
java_class_path (initial): /Users/bruno/SistemaImunologicoArtificial/libs:/Users/bruno/SistemaImunologicoArtificial/neuroph-core-2.92.jar:/Users/bruno/SistemaImunologicoArtificial/libs/JOGL/gluegen-rt.jar:/Users/bruno/SistemaImunologicoArtificial/libs/JOGL/gluegen.jar:/Users/bruno/SistemaImunologicoArtificial/libs/JOGL/jogl-all-natives-linux-amd64.jar:/Users/bruno/SistemaImunologicoArtificial/libs/JOGL/jogl-all-natives-linux-i586.jar:/Users/bruno/SistemaImunologicoArtificial/libs/JOGL/jogl-all-natives-macosx-universal.jar:/Users/bruno/SistemaImunologicoArtificial/libs/JOGL/jogl-all-natives-windows-amd64.jar:/Users/bruno/SistemaImunologicoArtificial/libs/JOGL/jogl-all-natives-windows-i586.jar:/Users/bruno/SistemaImunologicoArtificial/libs/JOGL/jogl-all.jar:/Users/bruno/SistemaImunologicoArtificial/build/classes
Launcher Type: SUN_STANDARD

Environment Variables:
PATH=/usr/bin:/bin:/usr/sbin:/sbin
LD_LIBRARY_PATH=/Library/Java/JavaVirtualMachines/jdk1.8.0_102.jdk/Contents/Home/jre/lib/amd64:/Library/Java/JavaVirtualMachines/jdk1.8.0_102.jdk/Contents/Home/jre/lib/i386:
SHELL=/bin/bash
DYLD_LIBRARY_PATH=/Applications/NetBeans/NetBeans 8.1.app/Contents/Resources/NetBeans/webcommon/bin:

Signal Handlers:
SIGSEGV: [libjvm.dylib+0x5b0579], sa_mask[0]=11111111011111110111111111111111, sa_flags=SA_ONSTACK|SA_RESTART|SA_SIGINFO
SIGBUS: [libjvm.dylib+0x5b0579], sa_mask[0]=11111111011111110111111111111111, sa_flags=SA_RESTART|SA_SIGINFO
SIGFPE: [libjvm.dylib+0x4874e4], sa_mask[0]=11111111011111110111111111111111, sa_flags=SA_RESTART|SA_SIGINFO
SIGPIPE: [libjvm.dylib+0x4874e4], sa_mask[0]=11111111011111110111111111111111, sa_flags=SA_RESTART|SA_SIGINFO
SIGXFSZ: [libjvm.dylib+0x4874e4], sa_mask[0]=11111111011111110111111111111111, sa_flags=SA_RESTART|SA_SIGINFO
SIGILL: [libjvm.dylib+0x4874e4], sa_mask[0]=11111111011111110111111111111111, sa_flags=SA_RESTART|SA_SIGINFO
SIGUSR1: SIG_DFL, sa_mask[0]=00000000000000000000000000000000, sa_flags=none
SIGUSR2: [libjvm.dylib+0x487002], sa_mask[0]=00100000000000000000000000000000, sa_flags=SA_RESTART|SA_SIGINFO
SIGHUP: [libjvm.dylib+0x4855d9], sa_mask[0]=11111111011111110111111111111111, sa_flags=SA_RESTART|SA_SIGINFO
SIGINT: SIG_IGN, sa_mask[0]=00000000000000000000000000000000, sa_flags=none
SIGTERM: [libjvm.dylib+0x4855d9], sa_mask[0]=11111111011111110111111111111111, sa_flags=SA_RESTART|SA_SIGINFO
SIGQUIT: [libjvm.dylib+0x4855d9], sa_mask[0]=11111111011111110111111111111111, sa_flags=SA_RESTART|SA_SIGINFO


---------------  S Y S T E M  ---------------

OS:Bsduname:Darwin 15.6.0 Darwin Kernel Version 15.6.0: Mon Aug 29 20:21:34 PDT 2016; root:xnu-3248.60.11~1/RELEASE_X86_64 x86_64
rlimit: STACK 8192k, CORE 0k, NPROC 709, NOFILE 10240, AS infinity
load average:1.89 1.49 1.35

CPU:total 4 (2 cores per cpu, 2 threads per core) family 6 model 69 stepping 1, cmov, cx8, fxsr, mmx, sse, sse2, sse3, ssse3, sse4.1, sse4.2, popcnt, avx, avx2, aes, clmul, erms, lzcnt, ht, tsc, tscinvbit, bmi1, bmi2

Memory: 4k page, physical 6291456k(109084k free)

/proc/meminfo:


vm_info: Java HotSpot(TM) 64-Bit Server VM (25.102-b14) for bsd-amd64 JRE (1.8.0_102-b14), built on Jun 22 2016 11:42:36 by "java_re" with gcc 4.2.1 (Based on Apple Inc. build 5658) (LLVM build 2336.11.00)

time: Tue Sep  6 09:11:03 2016
elapsed time: 4 seconds (0d 0h 0m 4s)

