#
# A fatal error has been detected by the Java Runtime Environment:
#
#  SIGSEGV (0xb) at pc=0x00007fff98693000, pid=1111, tid=0x000000000000d103
#
# JRE version: Java(TM) SE Runtime Environment (8.0_102-b14) (build 1.8.0_102-b14)
# Java VM: Java HotSpot(TM) 64-Bit Server VM (25.102-b14 mixed mode bsd-amd64 compressed oops)
# Problematic frame:
# C  [GLEngine+0x159000]  gleRunVertexSubmitImmediate+0x1c10
#
# Failed to write core dump. Core dumps have been disabled. To enable core dumping, try "ulimit -c unlimited" before starting Java again
#
# If you would like to submit a bug report, please visit:
#   http://bugreport.java.com/bugreport/crash.jsp
# The crash happened outside the Java Virtual Machine in native code.
# See problematic frame for where to report the bug.
#

---------------  T H R E A D  ---------------

Current thread (0x00007fc202a86800):  JavaThread "AWT-EventQueue-0" [_thread_in_native, id=53507, stack(0x00007000014dc000,0x00007000015dc000)]

siginfo: si_signo: 11 (SIGSEGV), si_code: 1 (SEGV_MAPERR), si_addr: 0x0000000000000000

Registers:
RAX=0x0000000000000000, RBX=0x00007fff9869420c, RCX=0x0000000000000006, RDX=0x0000000000000004
RSP=0x00007000015da060, RBP=0x00007000015da2f0, RSI=0x0000000013400000, RDI=0x00007fff98692c9a
R8 =0x0000000006803013, R9 =0x00007fc206088470, R10=0x0000000000000004, R11=0x0000000000000006
R12=0x0000000000000034, R13=0x0000000000000001, R14=0x0000000000000001, R15=0x0000000003000000
RIP=0x00007fff98693000, EFLAGS=0x0000000000010206, ERR=0x0000000000000004
  TRAPNO=0x000000000000000e

Top of Stack: (sp=0x00007000015da060)
0x00007000015da060:   00007fc206088620 00007fc203d25430
0x00007000015da070:   00007000015da0d0 000000011c392fa6
0x00007000015da080:   0000000000000000 00007fc203d25430
0x00007000015da090:   00000000000022c0 010000011bf88fff
0x00007000015da0a0:   0000000100010140 007e7ffffffffff7
0x00007000015da0b0:   00007fc203d25430 007e7ffffffffff7
0x00007000015da0c0:   62005d36f0b00cd2 ffefcfdeffffffff
0x00007000015da0d0:   00007000015da270 000000011bf8869f
0x00007000015da0e0:   00007fc203d24600 0000000000000000
0x00007000015da0f0:   00007fc206086340 00007fc202203800
0x00007000015da100:   00007000015da170 000000011befbfe6
0x00007000015da110:   0000000000000008 0000000000000008
0x00007000015da120:   00007fc202203838 00007fc203d2e7a8
0x00007000015da130:   0000200100000000 00007fc205068fa0
0x00007000015da140:   00007fc205068f60 00007fc205068f80
0x00007000015da150:   00007fc205068f50 00007000015da288
0x00007000015da160:   00007fc205068f90 00007fc205068f70
0x00007000015da170:   00007fc205068f40 0000000000000000
0x00007000015da180:   0000000000000000 00007fc205068f90
0x00007000015da190:   00007fc205068f90 0000000000000000
0x00007000015da1a0:   00000006015da240 0000000000000000
0x00007000015da1b0:   000000027a000003 0000000000000004
0x00007000015da1c0:   0000000000000000 00007fc205068e00
0x00007000015da1d0:   0000000006026010 00000000ffffffff
0x00007000015da1e0:   fffffffe7a000003 00007fc206088470
0x00007000015da1f0:   0000000000000002 0000003401809804
0x00007000015da200:   0000000000000000 0000000000000000
0x00007000015da210:   62005d36f0b00cd2 0000000000000002
0x00007000015da220:   0000000000001548 00007fc203d28318
0x00007000015da230:   00007fc203d25430 0000000000000020
0x00007000015da240:   00007000015da270 000000011bef4f90
0x00007000015da250:   0000000000000000 0000000000000000 

Instructions: (pc=0x00007fff98693000)
0x00007fff98692fe0:   08 66 0f 14 c1 0f 5b e0 e9 13 08 00 00 0f 57 d2
0x00007fff98692ff0:   f3 0f 10 d1 0f 14 e0 66 0f 14 e2 e9 00 08 00 00
0x00007fff98693000:   66 0f 28 20 e9 f7 07 00 00 0f b7 08 0f b6 40 02
0x00007fff98693010:   c1 e0 10 09 c8 66 0f 6e d0 66 0f 60 d2 66 0f 61 

Register to memory mapping:

RAX=0x0000000000000000 is an unknown value
RBX=0x00007fff9869420c: gleRunVertexSubmitImmediate+0x2e1c in /System/Library/Frameworks/OpenGL.framework/Versions/A/Resources/GLEngine.bundle/GLEngine at 0x00007fff9853a000
RCX=0x0000000000000006 is an unknown value
RDX=0x0000000000000004 is an unknown value
RSP=0x00007000015da060 is pointing into the stack for thread: 0x00007fc202a86800
RBP=0x00007000015da2f0 is pointing into the stack for thread: 0x00007fc202a86800
RSI=0x0000000013400000 is an unknown value
RDI=0x00007fff98692c9a: gleRunVertexSubmitImmediate+0x18aa in /System/Library/Frameworks/OpenGL.framework/Versions/A/Resources/GLEngine.bundle/GLEngine at 0x00007fff9853a000
R8 =0x0000000006803013 is an unknown value
R9 =0x00007fc206088470 is an unknown value
R10=0x0000000000000004 is an unknown value
R11=0x0000000000000006 is an unknown value
R12=0x0000000000000034 is an unknown value
R13=0x0000000000000001 is an unknown value
R14=0x0000000000000001 is an unknown value
R15=0x0000000003000000 is an unknown value


Stack: [0x00007000014dc000,0x00007000015dc000],  sp=0x00007000015da060,  free space=1016k
Native frames: (J=compiled Java code, j=interpreted, Vv=VM code, C=native code)
C  [GLEngine+0x159000]  gleRunVertexSubmitImmediate+0x1c10
C  [GLEngine+0x28128]  glDrawArrays_Exec+0x285
C  [libjogl_desktop.jnilib+0x28560]  Java_jogamp_opengl_gl4_GL4bcImpl_dispatch_1glDrawArrays1__IIIJ+0x40
j  jogamp.opengl.gl4.GL4bcImpl.dispatch_glDrawArrays1(IIIJ)V+0
j  jogamp.opengl.gl4.GL4bcImpl.glDrawArrays(III)V+45
j  ufrrj.bruno.ia.Telas.GL.display(Lcom/jogamp/opengl/GLAutoDrawable;)V+354
j  jogamp.opengl.GLDrawableHelper.displayImpl(Lcom/jogamp/opengl/GLAutoDrawable;)V+62
j  jogamp.opengl.GLDrawableHelper.display(Lcom/jogamp/opengl/GLAutoDrawable;)V+2
j  com.jogamp.opengl.awt.GLCanvas$11.run()V+118
j  jogamp.opengl.GLDrawableHelper.invokeGLImpl(Lcom/jogamp/opengl/GLDrawable;Lcom/jogamp/opengl/GLContext;Ljava/lang/Runnable;Ljava/lang/Runnable;)V+203
j  jogamp.opengl.GLDrawableHelper.invokeGL(Lcom/jogamp/opengl/GLDrawable;Lcom/jogamp/opengl/GLContext;Ljava/lang/Runnable;Ljava/lang/Runnable;)V+72
j  com.jogamp.opengl.awt.GLCanvas$12.run()V+104
j  java.awt.event.InvocationEvent.dispatch()V+11
j  java.awt.EventQueue.dispatchEventImpl(Ljava/awt/AWTEvent;Ljava/lang/Object;)V+21
j  java.awt.EventQueue.access$500(Ljava/awt/EventQueue;Ljava/awt/AWTEvent;Ljava/lang/Object;)V+3
j  java.awt.EventQueue$3.run()Ljava/lang/Void;+32
j  java.awt.EventQueue$3.run()Ljava/lang/Object;+1
v  ~StubRoutines::call_stub
V  [libjvm.dylib+0x2ed5e2]  JavaCalls::call_helper(JavaValue*, methodHandle*, JavaCallArguments*, Thread*)+0x6ae
V  [libjvm.dylib+0x34dd04]  JVM_DoPrivileged+0x4b8
j  java.security.AccessController.doPrivileged(Ljava/security/PrivilegedAction;Ljava/security/AccessControlContext;)Ljava/lang/Object;+0
j  java.security.ProtectionDomain$JavaSecurityAccessImpl.doIntersectionPrivilege(Ljava/security/PrivilegedAction;Ljava/security/AccessControlContext;Ljava/security/AccessControlContext;)Ljava/lang/Object;+18
j  java.awt.EventQueue.dispatchEvent(Ljava/awt/AWTEvent;)V+46
j  java.awt.EventDispatchThread.pumpOneEventForFilters(I)V+245
j  java.awt.EventDispatchThread.pumpEventsForFilter(ILjava/awt/Conditional;Ljava/awt/EventFilter;)V+35
j  java.awt.EventDispatchThread.pumpEventsForHierarchy(ILjava/awt/Conditional;Ljava/awt/Component;)V+11
j  java.awt.EventDispatchThread.pumpEvents(ILjava/awt/Conditional;)V+4
j  java.awt.EventDispatchThread.pumpEvents(Ljava/awt/Conditional;)V+3
j  java.awt.EventDispatchThread.run()V+9
v  ~StubRoutines::call_stub
V  [libjvm.dylib+0x2ed5e2]  JavaCalls::call_helper(JavaValue*, methodHandle*, JavaCallArguments*, Thread*)+0x6ae
V  [libjvm.dylib+0x2edd70]  JavaCalls::call_virtual(JavaValue*, KlassHandle, Symbol*, Symbol*, JavaCallArguments*, Thread*)+0x164
V  [libjvm.dylib+0x2edf1c]  JavaCalls::call_virtual(JavaValue*, Handle, KlassHandle, Symbol*, Symbol*, Thread*)+0x4a
V  [libjvm.dylib+0x348691]  thread_entry(JavaThread*, Thread*)+0x7c
V  [libjvm.dylib+0x56a4db]  JavaThread::thread_main_inner()+0x9b
V  [libjvm.dylib+0x56bbc8]  JavaThread::run()+0x1c2
V  [libjvm.dylib+0x489ed2]  java_start(Thread*)+0xf6
C  [libsystem_pthread.dylib+0x399d]  _pthread_body+0x83
C  [libsystem_pthread.dylib+0x391a]  _pthread_body+0x0
C  [libsystem_pthread.dylib+0x1351]  thread_start+0xd
C  0x0000000000000000

Java frames: (J=compiled Java code, j=interpreted, Vv=VM code)
j  jogamp.opengl.gl4.GL4bcImpl.dispatch_glDrawArrays1(IIIJ)V+0
j  jogamp.opengl.gl4.GL4bcImpl.glDrawArrays(III)V+45
j  ufrrj.bruno.ia.Telas.GL.display(Lcom/jogamp/opengl/GLAutoDrawable;)V+354
j  jogamp.opengl.GLDrawableHelper.displayImpl(Lcom/jogamp/opengl/GLAutoDrawable;)V+62
j  jogamp.opengl.GLDrawableHelper.display(Lcom/jogamp/opengl/GLAutoDrawable;)V+2
j  com.jogamp.opengl.awt.GLCanvas$11.run()V+118
j  jogamp.opengl.GLDrawableHelper.invokeGLImpl(Lcom/jogamp/opengl/GLDrawable;Lcom/jogamp/opengl/GLContext;Ljava/lang/Runnable;Ljava/lang/Runnable;)V+203
j  jogamp.opengl.GLDrawableHelper.invokeGL(Lcom/jogamp/opengl/GLDrawable;Lcom/jogamp/opengl/GLContext;Ljava/lang/Runnable;Ljava/lang/Runnable;)V+72
j  com.jogamp.opengl.awt.GLCanvas$12.run()V+104
j  java.awt.event.InvocationEvent.dispatch()V+11
j  java.awt.EventQueue.dispatchEventImpl(Ljava/awt/AWTEvent;Ljava/lang/Object;)V+21
j  java.awt.EventQueue.access$500(Ljava/awt/EventQueue;Ljava/awt/AWTEvent;Ljava/lang/Object;)V+3
j  java.awt.EventQueue$3.run()Ljava/lang/Void;+32
j  java.awt.EventQueue$3.run()Ljava/lang/Object;+1
v  ~StubRoutines::call_stub
j  java.security.AccessController.doPrivileged(Ljava/security/PrivilegedAction;Ljava/security/AccessControlContext;)Ljava/lang/Object;+0
j  java.security.ProtectionDomain$JavaSecurityAccessImpl.doIntersectionPrivilege(Ljava/security/PrivilegedAction;Ljava/security/AccessControlContext;Ljava/security/AccessControlContext;)Ljava/lang/Object;+18
j  java.awt.EventQueue.dispatchEvent(Ljava/awt/AWTEvent;)V+46
j  java.awt.EventDispatchThread.pumpOneEventForFilters(I)V+245
j  java.awt.EventDispatchThread.pumpEventsForFilter(ILjava/awt/Conditional;Ljava/awt/EventFilter;)V+35
j  java.awt.EventDispatchThread.pumpEventsForHierarchy(ILjava/awt/Conditional;Ljava/awt/Component;)V+11
j  java.awt.EventDispatchThread.pumpEvents(ILjava/awt/Conditional;)V+4
j  java.awt.EventDispatchThread.pumpEvents(Ljava/awt/Conditional;)V+3
j  java.awt.EventDispatchThread.run()V+9
v  ~StubRoutines::call_stub

---------------  P R O C E S S  ---------------

Java Threads: ( => current thread )
  0x00007fc203223800 JavaThread "DestroyJavaVM" [_thread_blocked, id=5891, stack(0x000070000011a000,0x000070000021a000)]
  0x00007fc203b6f000 JavaThread "main-FPSAWTAnimator#00-Timer0" [_thread_blocked, id=55567, stack(0x00007000016e2000,0x00007000017e2000)]
  0x00007fc20315e800 JavaThread "Sistema Imunologico - IA" [_thread_blocked, id=55055, stack(0x00007000015df000,0x00007000016df000)]
=>0x00007fc202a86800 JavaThread "AWT-EventQueue-0" [_thread_in_native, id=53507, stack(0x00007000014dc000,0x00007000015dc000)]
  0x00007fc2039fe800 JavaThread "Java2D Disposer" daemon [_thread_blocked, id=52995, stack(0x00007000013d9000,0x00007000014d9000)]
  0x00007fc20213d800 JavaThread "Java2D Queue Flusher" daemon [_thread_blocked, id=49927, stack(0x00007000012d6000,0x00007000013d6000)]
  0x00007fc2029f0000 JavaThread "AWT-Shutdown" [_thread_blocked, id=29459, stack(0x0000700001150000,0x0000700001250000)]
  0x00007fc2029e3000 JavaThread "AWT-AppKit" daemon [_thread_blocked, id=2571, stack(0x00007fff5df22000,0x00007fff5e722000)]
  0x00007fc203853800 JavaThread "Service Thread" daemon [_thread_blocked, id=18691, stack(0x0000700000e44000,0x0000700000f44000)]
  0x00007fc203850800 JavaThread "C1 CompilerThread2" daemon [_thread_blocked, id=18179, stack(0x0000700000d41000,0x0000700000e41000)]
  0x00007fc203850000 JavaThread "C2 CompilerThread1" daemon [_thread_blocked, id=17667, stack(0x0000700000c3e000,0x0000700000d3e000)]
  0x00007fc20287f000 JavaThread "C2 CompilerThread0" daemon [_thread_blocked, id=17155, stack(0x0000700000b3b000,0x0000700000c3b000)]
  0x00007fc20287e800 JavaThread "Signal Dispatcher" daemon [_thread_blocked, id=13839, stack(0x0000700000a38000,0x0000700000b38000)]
  0x00007fc202828800 JavaThread "Finalizer" daemon [_thread_blocked, id=12291, stack(0x000070000082f000,0x000070000092f000)]
  0x00007fc20384b000 JavaThread "Reference Handler" daemon [_thread_blocked, id=11779, stack(0x000070000072c000,0x000070000082c000)]

Other Threads:
  0x00007fc202820000 VMThread [stack: 0x0000700000629000,0x0000700000729000] [id=11267]
  0x00007fc202835000 WatcherThread [stack: 0x0000700000f47000,0x0000700001047000] [id=19203]

VM state:not at safepoint (normal execution)

VM Mutex/Monitor currently owned by a thread: None

Heap:
 PSYoungGen      total 28672K, used 9609K [0x00000007a0000000, 0x00000007a2000000, 0x00000007c0000000)
  eden space 24576K, 22% used [0x00000007a0000000,0x00000007a05650e0,0x00000007a1800000)
  from space 4096K, 99% used [0x00000007a1800000,0x00000007a1bfd6a8,0x00000007a1c00000)
  to   space 4096K, 0% used [0x00000007a1c00000,0x00000007a1c00000,0x00000007a2000000)
 ParOldGen       total 65536K, used 1491K [0x0000000760000000, 0x0000000764000000, 0x00000007a0000000)
  object space 65536K, 2% used [0x0000000760000000,0x0000000760174c00,0x0000000764000000)
 Metaspace       used 16440K, capacity 16680K, committed 17024K, reserved 1064960K
  class space    used 1776K, capacity 1846K, committed 1920K, reserved 1048576K

Card table byte_map: [0x0000000112361000,0x0000000112662000] byte_map_base: 0x000000010e861000

Marking Bits: (ParMarkBitMap*) 0x00000001028efd20
 Begin Bits: [0x0000000112862000, 0x0000000114062000)
 End Bits:   [0x0000000114062000, 0x0000000115862000)

Polling page: 0x00000001017a1000

CodeCache: size=245760Kb used=3344Kb max_used=3362Kb free=242415Kb
 bounds [0x0000000102fa1000, 0x00000001032f1000, 0x0000000111fa1000]
 total_blobs=1635 nmethods=816 adapters=733
 compilation: enabled

Compilation events (10 events):
Event: 3.310 Thread 0x00007fc203850800  798   !   3       java.net.URLClassLoader::definePackageInternal (81 bytes)
Event: 3.310 Thread 0x00007fc20287f000 nmethod 812 0x00000001032e1610 code [0x00000001032e1780, 0x00000001032e19f8]
Event: 3.311 Thread 0x00007fc203850800 nmethod 798 0x00000001032dfc90 code [0x00000001032dfec0, 0x00000001032e0a58]
Event: 3.313 Thread 0x00007fc203850800  813       3       java.nio.DirectByteBuffer::ix (10 bytes)
Event: 3.313 Thread 0x00007fc203850800 nmethod 813 0x00000001032df650 code [0x00000001032df7a0, 0x00000001032df8f0]
Event: 3.313 Thread 0x00007fc203850800  814       3       java.nio.DirectByteBuffer::put (18 bytes)
Event: 3.313 Thread 0x00007fc203850800 nmethod 814 0x00000001032df150 code [0x00000001032df2c0, 0x00000001032df530]
Event: 3.313 Thread 0x00007fc203850800  816       3       com.jogamp.opengl.util.PNGPixelRect::getPixelRGBSame (72 bytes)
Event: 3.314 Thread 0x00007fc203850800 nmethod 816 0x00000001032de7d0 code [0x00000001032de980, 0x00000001032def38]
Event: 3.347 Thread 0x00007fc203850000 nmethod 807 0x00000001032e63d0 code [0x00000001032e6760, 0x00000001032e7ff0]

GC Heap History (2 events):
Event: 2.715 GC heap before
{Heap before GC invocations=1 (full 0):
 PSYoungGen      total 28672K, used 24576K [0x00000007a0000000, 0x00000007a2000000, 0x00000007c0000000)
  eden space 24576K, 100% used [0x00000007a0000000,0x00000007a1800000,0x00000007a1800000)
  from space 4096K, 0% used [0x00000007a1c00000,0x00000007a1c00000,0x00000007a2000000)
  to   space 4096K, 0% used [0x00000007a1800000,0x00000007a1800000,0x00000007a1c00000)
 ParOldGen       total 65536K, used 0K [0x0000000760000000, 0x0000000764000000, 0x00000007a0000000)
  object space 65536K, 0% used [0x0000000760000000,0x0000000760000000,0x0000000764000000)
 Metaspace       used 15533K, capacity 15802K, committed 16128K, reserved 1062912K
  class space    used 1661K, capacity 1745K, committed 1792K, reserved 1048576K
Event: 2.724 GC heap after
Heap after GC invocations=1 (full 0):
 PSYoungGen      total 28672K, used 4085K [0x00000007a0000000, 0x00000007a2000000, 0x00000007c0000000)
  eden space 24576K, 0% used [0x00000007a0000000,0x00000007a0000000,0x00000007a1800000)
  from space 4096K, 99% used [0x00000007a1800000,0x00000007a1bfd6a8,0x00000007a1c00000)
  to   space 4096K, 0% used [0x00000007a1c00000,0x00000007a1c00000,0x00000007a2000000)
 ParOldGen       total 65536K, used 1491K [0x0000000760000000, 0x0000000764000000, 0x00000007a0000000)
  object space 65536K, 2% used [0x0000000760000000,0x0000000760174c00,0x0000000764000000)
 Metaspace       used 15533K, capacity 15802K, committed 16128K, reserved 1062912K
  class space    used 1661K, capacity 1745K, committed 1792K, reserved 1048576K
}

Deoptimization events (3 events):
Event: 0.947 Thread 0x00007fc20280c800 Uncommon trap: reason=unstable_if action=reinterpret pc=0x00000001030f6560 method=java.lang.String.startsWith(Ljava/lang/String;I)Z @ 25
Event: 1.932 Thread 0x00007fc20280c800 Uncommon trap: reason=unstable_if action=reinterpret pc=0x000000010322b2c8 method=java.util.HashMap.getNode(ILjava/lang/Object;)Ljava/util/HashMap$Node; @ 116
Event: 3.186 Thread 0x00007fc202a86800 Uncommon trap: reason=unstable_if action=reinterpret pc=0x0000000103101de0 method=java.lang.CharacterData.of(I)Ljava/lang/CharacterData; @ 4

Internal exceptions (10 events):
Event: 0.165 Thread 0x00007fc20280c800 Exception <a 'java/security/PrivilegedActionException'> (0x00000007a026d9c8) thrown at [/Users/java_re/workspace/8-2-build-macosx-x86_64/jdk8u102/7268/hotspot/src/share/vm/prims/jvm.cpp, line 1386]
Event: 0.165 Thread 0x00007fc20280c800 Exception <a 'java/security/PrivilegedActionException'> (0x00000007a026dbd8) thrown at [/Users/java_re/workspace/8-2-build-macosx-x86_64/jdk8u102/7268/hotspot/src/share/vm/prims/jvm.cpp, line 1386]
Event: 0.166 Thread 0x00007fc20280c800 Exception <a 'java/security/PrivilegedActionException'> (0x00000007a0270ee0) thrown at [/Users/java_re/workspace/8-2-build-macosx-x86_64/jdk8u102/7268/hotspot/src/share/vm/prims/jvm.cpp, line 1386]
Event: 0.166 Thread 0x00007fc20280c800 Exception <a 'java/security/PrivilegedActionException'> (0x00000007a02710f0) thrown at [/Users/java_re/workspace/8-2-build-macosx-x86_64/jdk8u102/7268/hotspot/src/share/vm/prims/jvm.cpp, line 1386]
Event: 0.237 Thread 0x00007fc20280c800 Exception <a 'java/lang/UnsatisfiedLinkError': com.jogamp.common.util.JarUtil.fixNativeLibAttribs(Ljava/lang/String;)Z> (0x00000007a035ae28) thrown at [/Users/java_re/workspace/8-2-build-macosx-x86_64/jdk8u102/7268/hotspot/src/share/vm/prims/nativeLookup.
Event: 0.284 Thread 0x00007fc20280c800 Exception <a 'java/lang/NoSuchFieldError': method resolution failed> (0x00000007a04a9550) thrown at [/Users/java_re/workspace/8-2-build-macosx-x86_64/jdk8u102/7268/hotspot/src/share/vm/prims/methodHandles.cpp, line 1146]
Event: 0.287 Thread 0x00007fc20280c800 Exception <a 'java/lang/NoSuchFieldError': method resolution failed> (0x00000007a04b6d20) thrown at [/Users/java_re/workspace/8-2-build-macosx-x86_64/jdk8u102/7268/hotspot/src/share/vm/prims/methodHandles.cpp, line 1146]
Event: 0.546 Thread 0x00007fc20280c800 Exception <a 'java/io/FileNotFoundException'> (0x00000007a06730e0) thrown at [/Users/java_re/workspace/8-2-build-macosx-x86_64/jdk8u102/7268/hotspot/src/share/vm/prims/jni.cpp, line 709]
Event: 0.546 Thread 0x00007fc20280c800 Exception <a 'java/io/FileNotFoundException'> (0x00000007a0673c48) thrown at [/Users/java_re/workspace/8-2-build-macosx-x86_64/jdk8u102/7268/hotspot/src/share/vm/prims/jni.cpp, line 709]
Event: 2.726 Thread 0x00007fc202828800 Exception <a 'java/lang/NullPointerException'> (0x00000007a0072c80) thrown at [/Users/java_re/workspace/8-2-build-macosx-x86_64/jdk8u102/7268/hotspot/src/share/vm/interpreter/linkResolver.cpp, line 1178]

Events (10 events):
Event: 3.315 loading class com/jogamp/opengl/util/GLPixelBuffer$1
Event: 3.315 loading class com/jogamp/opengl/util/GLPixelBuffer$1 done
Event: 3.316 loading class com/jogamp/opengl/util/texture/TextureData$ColorSpace
Event: 3.316 loading class com/jogamp/opengl/util/texture/TextureData$ColorSpace done
Event: 3.316 loading class com/jogamp/opengl/util/texture/Texture
Event: 3.316 loading class com/jogamp/opengl/util/texture/Texture done
Event: 3.318 loading class com/jogamp/opengl/util/texture/TextureCoords
Event: 3.318 loading class com/jogamp/opengl/util/texture/TextureCoords done
Event: 3.322 loading class java/nio/DirectFloatBufferU
Event: 3.356 loading class java/nio/DirectFloatBufferU done


Dynamic libraries:
0x0000000007536000 	/System/Library/Frameworks/Cocoa.framework/Versions/A/Cocoa
0x0000000007536000 	/System/Library/Frameworks/Security.framework/Versions/A/Security
0x0000000007536000 	/System/Library/Frameworks/ApplicationServices.framework/Versions/A/ApplicationServices
0x0000000007536000 	/usr/lib/libz.1.dylib
0x0000000007536000 	/usr/lib/libSystem.B.dylib
0x0000000007536000 	/usr/lib/libobjc.A.dylib
0x0000000007536000 	/System/Library/Frameworks/CoreFoundation.framework/Versions/A/CoreFoundation
0x0000000007536000 	/System/Library/Frameworks/Foundation.framework/Versions/C/Foundation
0x0000000007536000 	/System/Library/Frameworks/AppKit.framework/Versions/C/AppKit
0x0000000007536000 	/System/Library/Frameworks/CoreData.framework/Versions/A/CoreData
0x0000000007536000 	/System/Library/PrivateFrameworks/RemoteViewServices.framework/Versions/A/RemoteViewServices
0x0000000007536000 	/System/Library/PrivateFrameworks/UIFoundation.framework/Versions/A/UIFoundation
0x0000000007536000 	/usr/lib/libScreenReader.dylib
0x0000000007536000 	/System/Library/Frameworks/Accelerate.framework/Versions/A/Accelerate
0x0000000007536000 	/System/Library/Frameworks/IOSurface.framework/Versions/A/IOSurface
0x0000000007536000 	/System/Library/Frameworks/AudioToolbox.framework/Versions/A/AudioToolbox
0x0000000007536000 	/System/Library/Frameworks/AudioUnit.framework/Versions/A/AudioUnit
0x0000000007536000 	/System/Library/PrivateFrameworks/DataDetectorsCore.framework/Versions/A/DataDetectorsCore
0x0000000007536000 	/System/Library/PrivateFrameworks/DesktopServicesPriv.framework/Versions/A/DesktopServicesPriv
0x0000000007536000 	/System/Library/Frameworks/Carbon.framework/Versions/A/Frameworks/HIToolbox.framework/Versions/A/HIToolbox
0x0000000007536000 	/System/Library/Frameworks/QuartzCore.framework/Versions/A/QuartzCore
0x0000000007536000 	/System/Library/Frameworks/Carbon.framework/Versions/A/Frameworks/SpeechRecognition.framework/Versions/A/SpeechRecognition
0x0000000007536000 	/usr/lib/libauto.dylib
0x0000000007536000 	/usr/lib/libicucore.A.dylib
0x0000000007536000 	/usr/lib/libxml2.2.dylib
0x0000000007536000 	/System/Library/PrivateFrameworks/CoreUI.framework/Versions/A/CoreUI
0x0000000007536000 	/System/Library/Frameworks/CoreAudio.framework/Versions/A/CoreAudio
0x0000000007536000 	/System/Library/Frameworks/DiskArbitration.framework/Versions/A/DiskArbitration
0x0000000007536000 	/usr/lib/liblangid.dylib
0x0000000007536000 	/System/Library/PrivateFrameworks/MultitouchSupport.framework/Versions/A/MultitouchSupport
0x0000000007536000 	/System/Library/Frameworks/IOKit.framework/Versions/A/IOKit
0x0000000007536000 	/usr/lib/libDiagnosticMessagesClient.dylib
0x0000000007536000 	/System/Library/Frameworks/CoreServices.framework/Versions/A/CoreServices
0x0000000007536000 	/System/Library/PrivateFrameworks/PerformanceAnalysis.framework/Versions/A/PerformanceAnalysis
0x0000000007536000 	/System/Library/PrivateFrameworks/GenerationalStorage.framework/Versions/A/GenerationalStorage
0x0000000007536000 	/System/Library/Frameworks/OpenGL.framework/Versions/A/OpenGL
0x0000000007536000 	/System/Library/PrivateFrameworks/Sharing.framework/Versions/A/Sharing
0x0000000007536000 	/System/Library/Frameworks/CoreGraphics.framework/Versions/A/CoreGraphics
0x0000000007536000 	/System/Library/Frameworks/CoreImage.framework/Versions/A/CoreImage
0x0000000007536000 	/System/Library/Frameworks/CoreText.framework/Versions/A/CoreText
0x0000000007536000 	/System/Library/Frameworks/ImageIO.framework/Versions/A/ImageIO
0x0000000007536000 	/System/Library/PrivateFrameworks/Backup.framework/Versions/A/Backup
0x0000000007536000 	/usr/lib/libextension.dylib
0x0000000007536000 	/usr/lib/libarchive.2.dylib
0x0000000007536000 	/System/Library/Frameworks/CFNetwork.framework/Versions/A/CFNetwork
0x0000000007536000 	/System/Library/Frameworks/SystemConfiguration.framework/Versions/A/SystemConfiguration
0x0000000007536000 	/usr/lib/libCRFSuite.dylib
0x0000000007536000 	/usr/lib/libc++.1.dylib
0x0000000007536000 	/usr/lib/libc++abi.dylib
0x0000000007536000 	/usr/lib/system/libcache.dylib
0x0000000007536000 	/usr/lib/system/libcommonCrypto.dylib
0x0000000007536000 	/usr/lib/system/libcompiler_rt.dylib
0x0000000007536000 	/usr/lib/system/libcopyfile.dylib
0x0000000007536000 	/usr/lib/system/libcorecrypto.dylib
0x0000000007536000 	/usr/lib/system/libdispatch.dylib
0x0000000007536000 	/usr/lib/system/libdyld.dylib
0x0000000007536000 	/usr/lib/system/libkeymgr.dylib
0x0000000007536000 	/usr/lib/system/liblaunch.dylib
0x0000000007536000 	/usr/lib/system/libmacho.dylib
0x0000000007536000 	/usr/lib/system/libquarantine.dylib
0x0000000007536000 	/usr/lib/system/libremovefile.dylib
0x0000000007536000 	/usr/lib/system/libsystem_asl.dylib
0x0000000007536000 	/usr/lib/system/libsystem_blocks.dylib
0x0000000007536000 	/usr/lib/system/libsystem_c.dylib
0x0000000007536000 	/usr/lib/system/libsystem_configuration.dylib
0x0000000007536000 	/usr/lib/system/libsystem_coreservices.dylib
0x0000000007536000 	/usr/lib/system/libsystem_coretls.dylib
0x0000000007536000 	/usr/lib/system/libsystem_dnssd.dylib
0x0000000007536000 	/usr/lib/system/libsystem_info.dylib
0x0000000007536000 	/usr/lib/system/libsystem_kernel.dylib
0x0000000007536000 	/usr/lib/system/libsystem_m.dylib
0x0000000007536000 	/usr/lib/system/libsystem_malloc.dylib
0x0000000007536000 	/usr/lib/system/libsystem_network.dylib
0x0000000007536000 	/usr/lib/system/libsystem_networkextension.dylib
0x0000000007536000 	/usr/lib/system/libsystem_notify.dylib
0x0000000007536000 	/usr/lib/system/libsystem_platform.dylib
0x0000000007536000 	/usr/lib/system/libsystem_pthread.dylib
0x0000000007536000 	/usr/lib/system/libsystem_sandbox.dylib
0x0000000007536000 	/usr/lib/system/libsystem_secinit.dylib
0x0000000007536000 	/usr/lib/system/libsystem_trace.dylib
0x0000000007536000 	/usr/lib/system/libunc.dylib
0x0000000007536000 	/usr/lib/system/libunwind.dylib
0x0000000007536000 	/usr/lib/system/libxpc.dylib
0x0000000007536000 	/usr/lib/libenergytrace.dylib
0x0000000007536000 	/usr/lib/libbsm.0.dylib
0x0000000007536000 	/usr/lib/system/libkxld.dylib
0x0000000007536000 	/usr/lib/libxar.1.dylib
0x0000000007536000 	/usr/lib/libsqlite3.dylib
0x0000000007536000 	/usr/lib/libpam.2.dylib
0x0000000007536000 	/usr/lib/libOpenScriptingUtil.dylib
0x0000000007536000 	/usr/lib/libbz2.1.0.dylib
0x0000000007536000 	/usr/lib/liblzma.5.dylib
0x0000000007536000 	/System/Library/Frameworks/CoreServices.framework/Versions/A/Frameworks/FSEvents.framework/Versions/A/FSEvents
0x0000000007536000 	/System/Library/Frameworks/CoreServices.framework/Versions/A/Frameworks/CarbonCore.framework/Versions/A/CarbonCore
0x0000000007536000 	/System/Library/Frameworks/CoreServices.framework/Versions/A/Frameworks/Metadata.framework/Versions/A/Metadata
0x0000000007536000 	/System/Library/Frameworks/CoreServices.framework/Versions/A/Frameworks/OSServices.framework/Versions/A/OSServices
0x0000000007536000 	/System/Library/Frameworks/CoreServices.framework/Versions/A/Frameworks/SearchKit.framework/Versions/A/SearchKit
0x0000000007536000 	/System/Library/Frameworks/CoreServices.framework/Versions/A/Frameworks/AE.framework/Versions/A/AE
0x0000000007536000 	/System/Library/Frameworks/CoreServices.framework/Versions/A/Frameworks/LaunchServices.framework/Versions/A/LaunchServices
0x0000000007536000 	/System/Library/Frameworks/CoreServices.framework/Versions/A/Frameworks/DictionaryServices.framework/Versions/A/DictionaryServices
0x0000000007536000 	/System/Library/Frameworks/CoreServices.framework/Versions/A/Frameworks/SharedFileList.framework/Versions/A/SharedFileList
0x0000000007536000 	/System/Library/Frameworks/NetFS.framework/Versions/A/NetFS
0x0000000007536000 	/System/Library/PrivateFrameworks/NetAuth.framework/Versions/A/NetAuth
0x0000000007536000 	/System/Library/PrivateFrameworks/login.framework/Versions/A/Frameworks/loginsupport.framework/Versions/A/loginsupport
0x0000000007536000 	/System/Library/PrivateFrameworks/TCC.framework/Versions/A/TCC
0x0000000007536000 	/usr/lib/libmecabra.dylib
0x0000000007536000 	/System/Library/Frameworks/ApplicationServices.framework/Versions/A/Frameworks/ATS.framework/Versions/A/ATS
0x0000000007536000 	/System/Library/Frameworks/ApplicationServices.framework/Versions/A/Frameworks/ColorSync.framework/Versions/A/ColorSync
0x0000000007536000 	/System/Library/Frameworks/ApplicationServices.framework/Versions/A/Frameworks/HIServices.framework/Versions/A/HIServices
0x0000000007536000 	/System/Library/Frameworks/ApplicationServices.framework/Versions/A/Frameworks/LangAnalysis.framework/Versions/A/LangAnalysis
0x0000000007536000 	/System/Library/Frameworks/ApplicationServices.framework/Versions/A/Frameworks/PrintCore.framework/Versions/A/PrintCore
0x0000000007536000 	/System/Library/Frameworks/ApplicationServices.framework/Versions/A/Frameworks/QD.framework/Versions/A/QD
0x0000000007536000 	/System/Library/Frameworks/ApplicationServices.framework/Versions/A/Frameworks/SpeechSynthesis.framework/Versions/A/SpeechSynthesis
0x0000000007536000 	/System/Library/Frameworks/Metal.framework/Versions/A/Metal
0x0000000007536000 	/System/Library/Frameworks/Accelerate.framework/Versions/A/Frameworks/vImage.framework/Versions/A/vImage
0x0000000007536000 	/System/Library/Frameworks/Accelerate.framework/Versions/A/Frameworks/vecLib.framework/Versions/A/vecLib
0x0000000007536000 	/System/Library/Frameworks/Accelerate.framework/Versions/A/Frameworks/vecLib.framework/Versions/A/libvDSP.dylib
0x0000000007536000 	/System/Library/Frameworks/Accelerate.framework/Versions/A/Frameworks/vecLib.framework/Versions/A/libvMisc.dylib
0x0000000007536000 	/System/Library/Frameworks/Accelerate.framework/Versions/A/Frameworks/vecLib.framework/Versions/A/libLAPACK.dylib
0x0000000007536000 	/System/Library/Frameworks/Accelerate.framework/Versions/A/Frameworks/vecLib.framework/Versions/A/libBLAS.dylib
0x0000000007536000 	/System/Library/Frameworks/Accelerate.framework/Versions/A/Frameworks/vecLib.framework/Versions/A/libLinearAlgebra.dylib
0x0000000007536000 	/System/Library/Frameworks/Accelerate.framework/Versions/A/Frameworks/vecLib.framework/Versions/A/libSparseBLAS.dylib
0x0000000007536000 	/System/Library/PrivateFrameworks/GPUCompiler.framework/libmetal_timestamp.dylib
0x0000000007536000 	/System/Library/Frameworks/OpenGL.framework/Versions/A/Libraries/libCoreFSCache.dylib
0x0000000007536000 	/System/Library/PrivateFrameworks/IOAccelerator.framework/Versions/A/IOAccelerator
0x0000000007536000 	/System/Library/Frameworks/ApplicationServices.framework/Versions/A/Frameworks/ATS.framework/Versions/A/Resources/libFontParser.dylib
0x0000000007536000 	/System/Library/Frameworks/ApplicationServices.framework/Versions/A/Frameworks/ATS.framework/Versions/A/Resources/libFontRegistry.dylib
0x0000000007536000 	/System/Library/PrivateFrameworks/AppleVPA.framework/Versions/A/AppleVPA
0x0000000007536000 	/System/Library/PrivateFrameworks/AppleJPEG.framework/Versions/A/AppleJPEG
0x0000000007536000 	/System/Library/Frameworks/ImageIO.framework/Versions/A/Resources/libJPEG.dylib
0x0000000007536000 	/System/Library/Frameworks/ImageIO.framework/Versions/A/Resources/libTIFF.dylib
0x0000000007536000 	/System/Library/Frameworks/ImageIO.framework/Versions/A/Resources/libPng.dylib
0x0000000007536000 	/System/Library/Frameworks/ImageIO.framework/Versions/A/Resources/libGIF.dylib
0x0000000007536000 	/System/Library/Frameworks/ImageIO.framework/Versions/A/Resources/libJP2.dylib
0x0000000007536000 	/System/Library/Frameworks/ImageIO.framework/Versions/A/Resources/libRadiance.dylib
0x0000000007536000 	/System/Library/Frameworks/CoreVideo.framework/Versions/A/CoreVideo
0x0000000007536000 	/System/Library/Frameworks/OpenGL.framework/Versions/A/Libraries/libGLU.dylib
0x0000000007536000 	/System/Library/Frameworks/OpenGL.framework/Versions/A/Libraries/libGFXShared.dylib
0x0000000007536000 	/System/Library/Frameworks/OpenGL.framework/Versions/A/Libraries/libGL.dylib
0x0000000007536000 	/System/Library/Frameworks/OpenGL.framework/Versions/A/Libraries/libGLImage.dylib
0x0000000007536000 	/System/Library/Frameworks/OpenGL.framework/Versions/A/Libraries/libCVMSPluginSupport.dylib
0x0000000007536000 	/System/Library/Frameworks/OpenGL.framework/Versions/A/Libraries/libCoreVMClient.dylib
0x0000000007536000 	/usr/lib/libcompression.dylib
0x0000000007536000 	/usr/lib/libcups.2.dylib
0x0000000007536000 	/System/Library/Frameworks/Kerberos.framework/Versions/A/Kerberos
0x0000000007536000 	/System/Library/Frameworks/GSS.framework/Versions/A/GSS
0x0000000007536000 	/usr/lib/libresolv.9.dylib
0x0000000007536000 	/usr/lib/libiconv.2.dylib
0x0000000007536000 	/System/Library/PrivateFrameworks/Heimdal.framework/Versions/A/Heimdal
0x0000000007536000 	/usr/lib/libheimdal-asn1.dylib
0x0000000007536000 	/System/Library/Frameworks/OpenDirectory.framework/Versions/A/OpenDirectory
0x0000000007536000 	/System/Library/PrivateFrameworks/CommonAuth.framework/Versions/A/CommonAuth
0x0000000007536000 	/System/Library/Frameworks/OpenDirectory.framework/Versions/A/Frameworks/CFOpenDirectory.framework/Versions/A/CFOpenDirectory
0x0000000007536000 	/System/Library/Frameworks/SecurityFoundation.framework/Versions/A/SecurityFoundation
0x0000000007536000 	/System/Library/PrivateFrameworks/LanguageModeling.framework/Versions/A/LanguageModeling
0x0000000007536000 	/usr/lib/libmarisa.dylib
0x0000000007536000 	/usr/lib/libChineseTokenizer.dylib
0x0000000007536000 	/usr/lib/libcmph.dylib
0x0000000007536000 	/System/Library/Frameworks/ServiceManagement.framework/Versions/A/ServiceManagement
0x0000000007536000 	/usr/lib/libxslt.1.dylib
0x0000000007536000 	/System/Library/Frameworks/Carbon.framework/Versions/A/Frameworks/Ink.framework/Versions/A/Ink
0x0000000007536000 	/usr/lib/libFosl_dynamic.dylib
0x0000000007536000 	/System/Library/PrivateFrameworks/FaceCore.framework/Versions/A/FaceCore
0x0000000007536000 	/System/Library/Frameworks/OpenCL.framework/Versions/A/OpenCL
0x0000000007536000 	/System/Library/PrivateFrameworks/CrashReporterSupport.framework/Versions/A/CrashReporterSupport
0x0000000007536000 	/System/Library/PrivateFrameworks/IconServices.framework/Versions/A/IconServices
0x0000000007536000 	/System/Library/PrivateFrameworks/Apple80211.framework/Versions/A/Apple80211
0x0000000007536000 	/System/Library/Frameworks/CoreWLAN.framework/Versions/A/CoreWLAN
0x0000000007536000 	/System/Library/Frameworks/IOBluetooth.framework/Versions/A/IOBluetooth
0x0000000007536000 	/System/Library/PrivateFrameworks/CoreWiFi.framework/Versions/A/CoreWiFi
0x0000000007536000 	/System/Library/Frameworks/CoreBluetooth.framework/Versions/A/CoreBluetooth
0x0000000007536000 	/System/Library/PrivateFrameworks/ChunkingLibrary.framework/Versions/A/ChunkingLibrary
0x0000000007536000 	/System/Library/PrivateFrameworks/DebugSymbols.framework/Versions/A/DebugSymbols
0x0000000007536000 	/System/Library/PrivateFrameworks/CoreSymbolication.framework/Versions/A/CoreSymbolication
0x0000000007536000 	/System/Library/PrivateFrameworks/Symbolication.framework/Versions/A/Symbolication
0x0000000007536000 	/System/Library/PrivateFrameworks/SpeechRecognitionCore.framework/Versions/A/SpeechRecognitionCore
0x0000000102000000 	/Library/Java/JavaVirtualMachines/jdk1.8.0_102.jdk/Contents/Home/jre/lib/server/libjvm.dylib
0x0000000007536000 	/usr/lib/libstdc++.6.dylib
0x000000010175e000 	/Library/Java/JavaVirtualMachines/jdk1.8.0_102.jdk/Contents/Home/jre/lib/libverify.dylib
0x000000010176c000 	/Library/Java/JavaVirtualMachines/jdk1.8.0_102.jdk/Contents/Home/jre/lib/libjava.dylib
0x00000001017ab000 	/Library/Java/JavaVirtualMachines/jdk1.8.0_102.jdk/Contents/Home/jre/lib/libzip.dylib
0x0000000117609000 	/System/Library/Frameworks/JavaVM.framework/Frameworks/JavaRuntimeSupport.framework/JavaRuntimeSupport
0x0000000117624000 	/System/Library/Frameworks/JavaVM.framework/Versions/A/Frameworks/JavaNativeFoundation.framework/Versions/A/JavaNativeFoundation
0x0000000117639000 	/System/Library/Frameworks/JavaVM.framework/Versions/A/JavaVM
0x0000000007536000 	/System/Library/Frameworks/Carbon.framework/Versions/A/Carbon
0x0000000117646000 	/System/Library/PrivateFrameworks/JavaLaunching.framework/Versions/A/JavaLaunching
0x0000000007536000 	/System/Library/Frameworks/Carbon.framework/Versions/A/Frameworks/CommonPanels.framework/Versions/A/CommonPanels
0x0000000007536000 	/System/Library/Frameworks/Carbon.framework/Versions/A/Frameworks/Help.framework/Versions/A/Help
0x0000000007536000 	/System/Library/Frameworks/Carbon.framework/Versions/A/Frameworks/ImageCapture.framework/Versions/A/ImageCapture
0x0000000007536000 	/System/Library/Frameworks/Carbon.framework/Versions/A/Frameworks/OpenScripting.framework/Versions/A/OpenScripting
0x0000000007536000 	/System/Library/Frameworks/Carbon.framework/Versions/A/Frameworks/Print.framework/Versions/A/Print
0x0000000007536000 	/System/Library/Frameworks/Carbon.framework/Versions/A/Frameworks/SecurityHI.framework/Versions/A/SecurityHI
0x0000000118fd0000 	/Library/Java/JavaVirtualMachines/jdk1.8.0_102.jdk/Contents/Home/jre/lib/libnet.dylib
0x000000011902f000 	/Library/Java/JavaVirtualMachines/jdk1.8.0_102.jdk/Contents/Home/jre/lib/libnio.dylib
0x0000000119040000 	/private/var/folders/3b/clmh0p6x2qd6p7hvvf5d328r0000gn/T/jogamp_0000/file_cache/jln6971356999081670641/jln6803175076278515619/natives/macosx-universal/libgluegen-rt.jnilib
0x0000000119049000 	/Library/Java/JavaVirtualMachines/jdk1.8.0_102.jdk/Contents/Home/jre/lib/libawt.dylib
0x00000001190f1000 	/Library/Java/JavaVirtualMachines/jdk1.8.0_102.jdk/Contents/Home/jre/lib/./libmlib_image.dylib
0x00000001191bd000 	/Library/Java/JavaVirtualMachines/jdk1.8.0_102.jdk/Contents/Home/jre/lib/libawt_lwawt.dylib
0x0000000119272000 	/Library/Java/JavaVirtualMachines/jdk1.8.0_102.jdk/Contents/Home/jre/lib/./libosxapp.dylib
0x0000000007536000 	/System/Library/Frameworks/ExceptionHandling.framework/Versions/A/ExceptionHandling
0x0000000007536000 	/System/Library/PrivateFrameworks/CoreServicesInternal.framework/Versions/A/CoreServicesInternal
0x0000000119d7e000 	/System/Library/Frameworks/CoreGraphics.framework/Versions/A/Resources/libRIP.A.dylib
0x0000000007536000 	/System/Library/Frameworks/Accelerate.framework/Versions/A/Frameworks/vImage.framework/Versions/A/Libraries/libCGInterfaces.dylib
0x000000011a019000 	/System/Library/Frameworks/CoreGraphics.framework/Versions/A/Resources/libCGXType.A.dylib
0x0000000007536000 	/System/Library/Frameworks/OpenCL.framework/Versions/A/Libraries/libcldcpuengine.dylib
0x0000000007536000 	/System/Library/PrivateFrameworks/DiskImages.framework/Versions/A/DiskImages
0x0000000007536000 	/System/Library/Frameworks/DiscRecording.framework/Versions/A/DiscRecording
0x0000000007536000 	/usr/lib/libcsfde.dylib
0x0000000007536000 	/usr/lib/libcurl.4.dylib
0x0000000007536000 	/System/Library/PrivateFrameworks/MediaKit.framework/Versions/A/MediaKit
0x0000000007536000 	/System/Library/PrivateFrameworks/ProtectedCloudStorage.framework/Versions/A/ProtectedCloudStorage
0x0000000007536000 	/usr/lib/libCoreStorage.dylib
0x0000000007536000 	/System/Library/PrivateFrameworks/EFILogin.framework/Versions/A/EFILogin
0x0000000007536000 	/usr/lib/libutil.dylib
0x0000000007536000 	/System/Library/PrivateFrameworks/FindMyDevice.framework/Versions/A/FindMyDevice
0x0000000007536000 	/System/Library/Frameworks/LDAP.framework/Versions/A/LDAP
0x0000000007536000 	/usr/lib/libsasl2.2.dylib
0x0000000007536000 	/System/Library/PrivateFrameworks/CoreDaemon.framework/Versions/B/CoreDaemon
0x0000000007536000 	/usr/lib/libcrypto.0.9.8.dylib
0x0000000007536000 	/System/Library/PrivateFrameworks/AppleSRP.framework/Versions/A/AppleSRP
0x0000000007536000 	/System/Library/PrivateFrameworks/TrustEvaluationAgent.framework/Versions/A/TrustEvaluationAgent
0x000000011ada1000 	cl_kernels
0x0000000007536000 	/System/Library/Frameworks/OpenCL.framework/Versions/A/Libraries/ImageFormats/unorm8_bgra.dylib
0x0000000007536000 	/System/Library/Frameworks/OpenCL.framework/Versions/A/Libraries/ImageFormats/unorm8_rgba.dylib
0x0000000007536000 	/System/Library/PrivateFrameworks/FamilyControls.framework/Versions/A/FamilyControls
0x0000000007536000 	/System/Library/PrivateFrameworks/CommerceKit.framework/Versions/A/Frameworks/CommerceCore.framework/Versions/A/CommerceCore
0x0000000007536000 	/System/Library/PrivateFrameworks/SystemAdministration.framework/Versions/A/SystemAdministration
0x0000000007536000 	/System/Library/PrivateFrameworks/AppContainer.framework/Versions/A/AppContainer
0x0000000007536000 	/System/Library/PrivateFrameworks/SecCodeWrapper.framework/Versions/A/SecCodeWrapper
0x0000000007536000 	/System/Library/Frameworks/DirectoryService.framework/Versions/A/DirectoryService
0x0000000007536000 	/System/Library/PrivateFrameworks/LoginUIKit.framework/Versions/A/Frameworks/LoginUICore.framework/Versions/A/LoginUICore
0x0000000007536000 	/usr/lib/libodfde.dylib
0x000000011be35000 	/Library/Java/JavaVirtualMachines/jdk1.8.0_102.jdk/Contents/Home/jre/lib/libfontmanager.dylib
0x0000000119f9d000 	/private/var/folders/3b/clmh0p6x2qd6p7hvvf5d328r0000gn/T/jogamp_0000/file_cache/jln6971356999081670641/jln6803175076278515619/natives/macosx-universal/libnativewindow_awt.jnilib
0x0000000119fa0000 	/Library/Java/JavaVirtualMachines/jdk1.8.0_102.jdk/Contents/Home/jre/lib/libjawt.dylib
0x0000000007536000 	/System/Library/Frameworks/OpenGL.framework/Versions/A/Resources/GLEngine.bundle/GLEngine
0x0000000007536000 	/System/Library/Frameworks/OpenGL.framework/Versions/A/Libraries/libGLProgrammability.dylib
0x000000011be9c000 	/System/Library/Extensions/AppleIntelHD5000GraphicsGLDriver.bundle/Contents/MacOS/AppleIntelHD5000GraphicsGLDriver
0x0000000007536000 	/System/Library/PrivateFrameworks/GPUSupport.framework/Versions/A/Libraries/libGPUSupportMercury.dylib
0x0000000007536000 	/System/Library/Frameworks/OpenGL.framework/Versions/A/Resources/GLRendererFloat.bundle/GLRendererFloat
0x000000011ce7e000 	/private/var/folders/3b/clmh0p6x2qd6p7hvvf5d328r0000gn/T/jogamp_0000/file_cache/jln6971356999081670641/jln6803175076278515619/natives/macosx-universal/libnativewindow_macosx.jnilib
0x000000011d320000 	/private/var/folders/3b/clmh0p6x2qd6p7hvvf5d328r0000gn/T/jogamp_0000/file_cache/jln6971356999081670641/jln6803175076278515619/natives/macosx-universal/libjogl_desktop.jnilib
0x000000011d3f4000 	/private/var/folders/3b/clmh0p6x2qd6p7hvvf5d328r0000gn/T/jogamp_0000/file_cache/jln6971356999081670641/jln6803175076278515619/natives/macosx-universal/libjogl_mobile.jnilib
0x000000011d45b000 	/Library/Java/JavaVirtualMachines/jdk1.8.0_102.jdk/Contents/Home/jre/lib/libosxui.dylib
0x0000000120622000 	/System/Library/Extensions/AppleIntelHD5000GraphicsMTLDriver.bundle/Contents/MacOS/AppleIntelHD5000GraphicsMTLDriver
0x0000000007536000 	/System/Library/Frameworks/ApplicationServices.framework/Versions/A/Frameworks/ATS.framework/Versions/A/Resources/libTrueTypeScaler.dylib

VM Arguments:
jvm_args: -Dfile.encoding=UTF-8 
java_command: ufrrj.bruno.ia.Main
java_class_path (initial): /Users/bruno/SistemaImunologicoArtificial/libs:/Users/bruno/SistemaImunologicoArtificial/neuroph-core-2.92.jar:/Users/bruno/SistemaImunologicoArtificial/libs/JOGL/gluegen-rt.jar:/Users/bruno/SistemaImunologicoArtificial/libs/JOGL/gluegen.jar:/Users/bruno/SistemaImunologicoArtificial/libs/JOGL/jogl-all-natives-linux-amd64.jar:/Users/bruno/SistemaImunologicoArtificial/libs/JOGL/jogl-all-natives-linux-i586.jar:/Users/bruno/SistemaImunologicoArtificial/libs/JOGL/jogl-all-natives-macosx-universal.jar:/Users/bruno/SistemaImunologicoArtificial/libs/JOGL/jogl-all-natives-windows-amd64.jar:/Users/bruno/SistemaImunologicoArtificial/libs/JOGL/jogl-all-natives-windows-i586.jar:/Users/bruno/SistemaImunologicoArtificial/libs/JOGL/jogl-all.jar:/Users/bruno/SistemaImunologicoArtificial/build/classes
Launcher Type: SUN_STANDARD

Environment Variables:
PATH=/usr/bin:/bin:/usr/sbin:/sbin
LD_LIBRARY_PATH=/Library/Java/JavaVirtualMachines/jdk1.8.0_102.jdk/Contents/Home/jre/lib/amd64:/Library/Java/JavaVirtualMachines/jdk1.8.0_102.jdk/Contents/Home/jre/lib/i386:
SHELL=/bin/bash
DYLD_LIBRARY_PATH=/Applications/NetBeans/NetBeans 8.1.app/Contents/Resources/NetBeans/webcommon/bin:

Signal Handlers:
SIGSEGV: [libjvm.dylib+0x5b0579], sa_mask[0]=11111111011111110111111111111111, sa_flags=SA_ONSTACK|SA_RESTART|SA_SIGINFO
SIGBUS: [libjvm.dylib+0x5b0579], sa_mask[0]=11111111011111110111111111111111, sa_flags=SA_RESTART|SA_SIGINFO
SIGFPE: [libjvm.dylib+0x4874e4], sa_mask[0]=11111111011111110111111111111111, sa_flags=SA_RESTART|SA_SIGINFO
SIGPIPE: [libjvm.dylib+0x4874e4], sa_mask[0]=11111111011111110111111111111111, sa_flags=SA_RESTART|SA_SIGINFO
SIGXFSZ: [libjvm.dylib+0x4874e4], sa_mask[0]=11111111011111110111111111111111, sa_flags=SA_RESTART|SA_SIGINFO
SIGILL: [libjvm.dylib+0x4874e4], sa_mask[0]=11111111011111110111111111111111, sa_flags=SA_RESTART|SA_SIGINFO
SIGUSR1: SIG_DFL, sa_mask[0]=00000000000000000000000000000000, sa_flags=none
SIGUSR2: [libjvm.dylib+0x487002], sa_mask[0]=00100000000000000000000000000000, sa_flags=SA_RESTART|SA_SIGINFO
SIGHUP: [libjvm.dylib+0x4855d9], sa_mask[0]=11111111011111110111111111111111, sa_flags=SA_RESTART|SA_SIGINFO
SIGINT: SIG_IGN, sa_mask[0]=00000000000000000000000000000000, sa_flags=none
SIGTERM: [libjvm.dylib+0x4855d9], sa_mask[0]=11111111011111110111111111111111, sa_flags=SA_RESTART|SA_SIGINFO
SIGQUIT: [libjvm.dylib+0x4855d9], sa_mask[0]=11111111011111110111111111111111, sa_flags=SA_RESTART|SA_SIGINFO


---------------  S Y S T E M  ---------------

OS:Bsduname:Darwin 15.6.0 Darwin Kernel Version 15.6.0: Mon Aug 29 20:21:34 PDT 2016; root:xnu-3248.60.11~1/RELEASE_X86_64 x86_64
rlimit: STACK 8192k, CORE 0k, NPROC 709, NOFILE 10240, AS infinity
load average:1.27 1.27 1.26

CPU:total 4 (2 cores per cpu, 2 threads per core) family 6 model 69 stepping 1, cmov, cx8, fxsr, mmx, sse, sse2, sse3, ssse3, sse4.1, sse4.2, popcnt, avx, avx2, aes, clmul, erms, lzcnt, ht, tsc, tscinvbit, bmi1, bmi2

Memory: 4k page, physical 6291456k(203796k free)

/proc/meminfo:


vm_info: Java HotSpot(TM) 64-Bit Server VM (25.102-b14) for bsd-amd64 JRE (1.8.0_102-b14), built on Jun 22 2016 11:42:36 by "java_re" with gcc 4.2.1 (Based on Apple Inc. build 5658) (LLVM build 2336.11.00)

time: Tue Sep  6 09:08:00 2016
elapsed time: 3 seconds (0d 0h 0m 3s)

