#
# A fatal error has been detected by the Java Runtime Environment:
#
#  SIGSEGV (0xb) at pc=0x00007fff98693000, pid=1207, tid=0x000000000000d703
#
# JRE version: Java(TM) SE Runtime Environment (8.0_102-b14) (build 1.8.0_102-b14)
# Java VM: Java HotSpot(TM) 64-Bit Server VM (25.102-b14 mixed mode bsd-amd64 compressed oops)
# Problematic frame:
# C  [GLEngine+0x159000]  gleRunVertexSubmitImmediate+0x1c10
#
# Failed to write core dump. Core dumps have been disabled. To enable core dumping, try "ulimit -c unlimited" before starting Java again
#
# If you would like to submit a bug report, please visit:
#   http://bugreport.java.com/bugreport/crash.jsp
# The crash happened outside the Java Virtual Machine in native code.
# See problematic frame for where to report the bug.
#

---------------  T H R E A D  ---------------

Current thread (0x00007fa51a128000):  JavaThread "AWT-EventQueue-0" [_thread_in_native, id=55043, stack(0x00007000017e5000,0x00007000018e5000)]

siginfo: si_signo: 11 (SIGSEGV), si_code: 1 (SEGV_MAPERR), si_addr: 0x0000000000000000

Registers:
RAX=0x0000000000000000, RBX=0x00007fff9869420c, RCX=0x0000000000000006, RDX=0x0000000000000004
RSP=0x00007000018e3060, RBP=0x00007000018e32f0, RSI=0x0000000013400000, RDI=0x00007fff98692c9a
R8 =0x0000000006803013, R9 =0x00007fa51e0f1980, R10=0x0000000000000004, R11=0x0000000000000006
R12=0x0000000000000034, R13=0x0000000000000001, R14=0x0000000000000001, R15=0x0000000003000000
RIP=0x00007fff98693000, EFLAGS=0x0000000000010206, ERR=0x0000000000000004
  TRAPNO=0x000000000000000e

Top of Stack: (sp=0x00007000018e3060)
0x00007000018e3060:   00007fa51e0f6770 00007fa51ad81a30
0x00007000018e3070:   00007000018e30d0 000000011d0d7fa6
0x00007000018e3080:   0000000000000000 00007fa51ad81a30
0x00007000018e3090:   00000000000022c0 010000011cccdfff
0x00007000018e30a0:   0000000100010140 007e7ffffffffff7
0x00007000018e30b0:   00007fa51ad81a30 007e7ffffffffff7
0x00007000018e30c0:   8a00bcb45c2f6a87 ffefcfdeffffffff
0x00007000018e30d0:   00007000018e3270 000000011cccd69f
0x00007000018e30e0:   00007fa51ad80c00 0000000000000000
0x00007000018e30f0:   00007fa51e0e67e0 00007fa51ad9a400
0x00007000018e3100:   00007000018e3170 000000011cc40fe6
0x00007000018e3110:   0000000000000008 0000000000000008
0x00007000018e3120:   00007fa51ad9a438 00007fa51ad8ada8
0x00007000018e3130:   0000200100000000 00007fa51d07d3a0
0x00007000018e3140:   00007fa51d07d360 00007fa51d07d380
0x00007000018e3150:   00007fa51d07d350 00007000018e3288
0x00007000018e3160:   00007fa51d07d390 00007fa51d07d370
0x00007000018e3170:   00007fa51d07d340 0000000000000000
0x00007000018e3180:   0000000000000000 00007fa51d07d390
0x00007000018e3190:   00007fa51d07d390 0000000000000000
0x00007000018e31a0:   00000006018e3240 0000000000000000
0x00007000018e31b0:   000000027a000003 0000000000000004
0x00007000018e31c0:   0000000000000000 00007fa51d07d200
0x00007000018e31d0:   0000000006026010 00000000ffffffff
0x00007000018e31e0:   fffffffe7a000003 00007fa51e0f1980
0x00007000018e31f0:   0000000000000002 0000003401809804
0x00007000018e3200:   0000000000000000 0000000000000000
0x00007000018e3210:   8a00bcb45c2f6a87 0000000000000002
0x00007000018e3220:   0000000000001548 00007fa51ad84918
0x00007000018e3230:   00007fa51ad81a30 0000000000000020
0x00007000018e3240:   00007000018e3270 000000011cc39f90
0x00007000018e3250:   0000000000000000 0000000000000000 

Instructions: (pc=0x00007fff98693000)
0x00007fff98692fe0:   08 66 0f 14 c1 0f 5b e0 e9 13 08 00 00 0f 57 d2
0x00007fff98692ff0:   f3 0f 10 d1 0f 14 e0 66 0f 14 e2 e9 00 08 00 00
0x00007fff98693000:   66 0f 28 20 e9 f7 07 00 00 0f b7 08 0f b6 40 02
0x00007fff98693010:   c1 e0 10 09 c8 66 0f 6e d0 66 0f 60 d2 66 0f 61 

Register to memory mapping:

RAX=0x0000000000000000 is an unknown value
RBX=0x00007fff9869420c: gleRunVertexSubmitImmediate+0x2e1c in /System/Library/Frameworks/OpenGL.framework/Versions/A/Resources/GLEngine.bundle/GLEngine at 0x00007fff9853a000
RCX=0x0000000000000006 is an unknown value
RDX=0x0000000000000004 is an unknown value
RSP=0x00007000018e3060 is pointing into the stack for thread: 0x00007fa51a128000
RBP=0x00007000018e32f0 is pointing into the stack for thread: 0x00007fa51a128000
RSI=0x0000000013400000 is an unknown value
RDI=0x00007fff98692c9a: gleRunVertexSubmitImmediate+0x18aa in /System/Library/Frameworks/OpenGL.framework/Versions/A/Resources/GLEngine.bundle/GLEngine at 0x00007fff9853a000
R8 =0x0000000006803013 is an unknown value
R9 =0x00007fa51e0f1980 is an unknown value
R10=0x0000000000000004 is an unknown value
R11=0x0000000000000006 is an unknown value
R12=0x0000000000000034 is an unknown value
R13=0x0000000000000001 is an unknown value
R14=0x0000000000000001 is an unknown value
R15=0x0000000003000000 is an unknown value


Stack: [0x00007000017e5000,0x00007000018e5000],  sp=0x00007000018e3060,  free space=1016k
Native frames: (J=compiled Java code, j=interpreted, Vv=VM code, C=native code)
C  [GLEngine+0x159000]  gleRunVertexSubmitImmediate+0x1c10
C  [GLEngine+0x28128]  glDrawArrays_Exec+0x285
C  [libjogl_desktop.jnilib+0x28560]  Java_jogamp_opengl_gl4_GL4bcImpl_dispatch_1glDrawArrays1__IIIJ+0x40
j  jogamp.opengl.gl4.GL4bcImpl.dispatch_glDrawArrays1(IIIJ)V+0
j  jogamp.opengl.gl4.GL4bcImpl.glDrawArrays(III)V+45
j  ufrrj.bruno.ia.Telas.GL.display(Lcom/jogamp/opengl/GLAutoDrawable;)V+354
j  jogamp.opengl.GLDrawableHelper.displayImpl(Lcom/jogamp/opengl/GLAutoDrawable;)V+62
j  jogamp.opengl.GLDrawableHelper.display(Lcom/jogamp/opengl/GLAutoDrawable;)V+2
j  com.jogamp.opengl.awt.GLCanvas$11.run()V+118
j  jogamp.opengl.GLDrawableHelper.invokeGLImpl(Lcom/jogamp/opengl/GLDrawable;Lcom/jogamp/opengl/GLContext;Ljava/lang/Runnable;Ljava/lang/Runnable;)V+203
j  jogamp.opengl.GLDrawableHelper.invokeGL(Lcom/jogamp/opengl/GLDrawable;Lcom/jogamp/opengl/GLContext;Ljava/lang/Runnable;Ljava/lang/Runnable;)V+72
j  com.jogamp.opengl.awt.GLCanvas$12.run()V+104
j  java.awt.event.InvocationEvent.dispatch()V+11
j  java.awt.EventQueue.dispatchEventImpl(Ljava/awt/AWTEvent;Ljava/lang/Object;)V+21
j  java.awt.EventQueue.access$500(Ljava/awt/EventQueue;Ljava/awt/AWTEvent;Ljava/lang/Object;)V+3
j  java.awt.EventQueue$3.run()Ljava/lang/Void;+32
j  java.awt.EventQueue$3.run()Ljava/lang/Object;+1
v  ~StubRoutines::call_stub
V  [libjvm.dylib+0x2ed5e2]
V  [libjvm.dylib+0x34dd04]
j  java.security.AccessController.doPrivileged(Ljava/security/PrivilegedAction;Ljava/security/AccessControlContext;)Ljava/lang/Object;+0
j  java.security.ProtectionDomain$JavaSecurityAccessImpl.doIntersectionPrivilege(Ljava/security/PrivilegedAction;Ljava/security/AccessControlContext;Ljava/security/AccessControlContext;)Ljava/lang/Object;+18
j  java.awt.EventQueue.dispatchEvent(Ljava/awt/AWTEvent;)V+46
j  java.awt.EventDispatchThread.pumpOneEventForFilters(I)V+245
j  java.awt.EventDispatchThread.pumpEventsForFilter(ILjava/awt/Conditional;Ljava/awt/EventFilter;)V+35
j  java.awt.EventDispatchThread.pumpEventsForHierarchy(ILjava/awt/Conditional;Ljava/awt/Component;)V+11
j  java.awt.EventDispatchThread.pumpEvents(ILjava/awt/Conditional;)V+4
j  java.awt.EventDispatchThread.pumpEvents(Ljava/awt/Conditional;)V+3
j  java.awt.EventDispatchThread.run()V+9
v  ~StubRoutines::call_stub
V  [libjvm.dylib+0x2ed5e2]
V  [libjvm.dylib+0x2edd70]
V  [libjvm.dylib+0x2edf1c]
V  [libjvm.dylib+0x348691]
V  [libjvm.dylib+0x56a4db]
V  [libjvm.dylib+0x56bbc8]
V  [libjvm.dylib+0x489ed2]
C  [libsystem_pthread.dylib+0x399d]  _pthread_body+0x83
C  [libsystem_pthread.dylib+0x391a]  _pthread_body+0x0
C  [libsystem_pthread.dylib+0x1351]  thread_start+0xd
C  0x0000000000000000

Java frames: (J=compiled Java code, j=interpreted, Vv=VM code)
j  jogamp.opengl.gl4.GL4bcImpl.dispatch_glDrawArrays1(IIIJ)V+0
j  jogamp.opengl.gl4.GL4bcImpl.glDrawArrays(III)V+45
j  ufrrj.bruno.ia.Telas.GL.display(Lcom/jogamp/opengl/GLAutoDrawable;)V+354
j  jogamp.opengl.GLDrawableHelper.displayImpl(Lcom/jogamp/opengl/GLAutoDrawable;)V+62
j  jogamp.opengl.GLDrawableHelper.display(Lcom/jogamp/opengl/GLAutoDrawable;)V+2
j  com.jogamp.opengl.awt.GLCanvas$11.run()V+118
j  jogamp.opengl.GLDrawableHelper.invokeGLImpl(Lcom/jogamp/opengl/GLDrawable;Lcom/jogamp/opengl/GLContext;Ljava/lang/Runnable;Ljava/lang/Runnable;)V+203
j  jogamp.opengl.GLDrawableHelper.invokeGL(Lcom/jogamp/opengl/GLDrawable;Lcom/jogamp/opengl/GLContext;Ljava/lang/Runnable;Ljava/lang/Runnable;)V+72
j  com.jogamp.opengl.awt.GLCanvas$12.run()V+104
j  java.awt.event.InvocationEvent.dispatch()V+11
j  java.awt.EventQueue.dispatchEventImpl(Ljava/awt/AWTEvent;Ljava/lang/Object;)V+21
j  java.awt.EventQueue.access$500(Ljava/awt/EventQueue;Ljava/awt/AWTEvent;Ljava/lang/Object;)V+3
j  java.awt.EventQueue$3.run()Ljava/lang/Void;+32
j  java.awt.EventQueue$3.run()Ljava/lang/Object;+1
v  ~StubRoutines::call_stub
j  java.security.AccessController.doPrivileged(Ljava/security/PrivilegedAction;Ljava/security/AccessControlContext;)Ljava/lang/Object;+0
j  java.security.ProtectionDomain$JavaSecurityAccessImpl.doIntersectionPrivilege(Ljava/security/PrivilegedAction;Ljava/security/AccessControlContext;Ljava/security/AccessControlContext;)Ljava/lang/Object;+18
j  java.awt.EventQueue.dispatchEvent(Ljava/awt/AWTEvent;)V+46
j  java.awt.EventDispatchThread.pumpOneEventForFilters(I)V+245
j  java.awt.EventDispatchThread.pumpEventsForFilter(ILjava/awt/Conditional;Ljava/awt/EventFilter;)V+35
j  java.awt.EventDispatchThread.pumpEventsForHierarchy(ILjava/awt/Conditional;Ljava/awt/Component;)V+11
j  java.awt.EventDispatchThread.pumpEvents(ILjava/awt/Conditional;)V+4
j  java.awt.EventDispatchThread.pumpEvents(Ljava/awt/Conditional;)V+3
j  java.awt.EventDispatchThread.run()V+9
v  ~StubRoutines::call_stub

---------------  P R O C E S S  ---------------

Java Threads: ( => current thread )
  0x00007fa51a803000 JavaThread "DestroyJavaVM" [_thread_blocked, id=4099, stack(0x0000700000084000,0x0000700000184000)]
  0x00007fa51a26b000 JavaThread "main-FPSAWTAnimator#00-Timer0" [_thread_blocked, id=57607, stack(0x0000700001aee000,0x0000700001bee000)]
  0x00007fa51a26b800 JavaThread "Sistema Imunologico - IA" [_thread_blocked, id=57103, stack(0x00007000019eb000,0x0000700001aeb000)]
  0x00007fa519980800 JavaThread "org.netbeans.modules.debugger.jpda.visual AWT Access Loop" daemon [_thread_blocked, id=55555, stack(0x00007000018e8000,0x00007000019e8000)]
=>0x00007fa51a128000 JavaThread "AWT-EventQueue-0" [_thread_in_native, id=55043, stack(0x00007000017e5000,0x00007000018e5000)]
  0x00007fa51997b800 JavaThread "Java2D Disposer" daemon [_thread_blocked, id=54543, stack(0x00007000016e2000,0x00007000017e2000)]
  0x00007fa51b1dc000 JavaThread "Java2D Queue Flusher" daemon [_thread_blocked, id=51463, stack(0x00007000015df000,0x00007000016df000)]
  0x00007fa51b1ac000 JavaThread "AWT-Shutdown" [_thread_blocked, id=30739, stack(0x00007000013d6000,0x00007000014d6000)]
  0x00007fa519909000 JavaThread "AWT-AppKit" daemon [_thread_blocked, id=2571, stack(0x00007fff5d233000,0x00007fff5da33000)]
  0x00007fa51b052800 JavaThread "Service Thread" daemon [_thread_blocked, id=20483, stack(0x00007000011d0000,0x00007000012d0000)]
  0x00007fa51a030800 JavaThread "C1 CompilerThread2" daemon [_thread_blocked, id=19971, stack(0x00007000010cd000,0x00007000011cd000)]
  0x00007fa51a818000 JavaThread "C2 CompilerThread1" daemon [_thread_blocked, id=19459, stack(0x0000700000fca000,0x00007000010ca000)]
  0x00007fa51b03f800 JavaThread "C2 CompilerThread0" daemon [_thread_in_native, id=18947, stack(0x0000700000ec7000,0x0000700000fc7000)]
  0x00007fa519842000 JavaThread "JDWP Command Reader" daemon [_thread_in_native, id=18435, stack(0x0000700000dc4000,0x0000700000ec4000)]
  0x00007fa51a017800 JavaThread "JDWP Event Helper Thread" daemon [_thread_blocked, id=17923, stack(0x0000700000cc1000,0x0000700000dc1000)]
  0x00007fa51a016800 JavaThread "JDWP Transport Listener: dt_socket" daemon [_thread_blocked, id=17411, stack(0x0000700000bbe000,0x0000700000cbe000)]
  0x00007fa51b031000 JavaThread "Signal Dispatcher" daemon [_thread_blocked, id=16659, stack(0x0000700000abb000,0x0000700000bbb000)]
  0x00007fa51b03d800 JavaThread "Finalizer" daemon [_thread_blocked, id=12291, stack(0x000070000082f000,0x000070000092f000)]
  0x00007fa51a80f800 JavaThread "Reference Handler" daemon [_thread_blocked, id=11779, stack(0x000070000072c000,0x000070000082c000)]

Other Threads:
  0x00007fa51b03b000 VMThread [stack: 0x0000700000629000,0x0000700000729000] [id=11267]
  0x00007fa51b049000 WatcherThread [stack: 0x00007000012d3000,0x00007000013d3000] [id=20995]

VM state:not at safepoint (normal execution)

VM Mutex/Monitor currently owned by a thread: None

Heap:
 PSYoungGen      total 28672K, used 10409K [0x00000007a0000000, 0x00000007a2000000, 0x00000007c0000000)
  eden space 24576K, 25% used [0x00000007a0000000,0x00000007a062e740,0x00000007a1800000)
  from space 4096K, 99% used [0x00000007a1800000,0x00000007a1bfc050,0x00000007a1c00000)
  to   space 4096K, 0% used [0x00000007a1c00000,0x00000007a1c00000,0x00000007a2000000)
 ParOldGen       total 65536K, used 1196K [0x0000000760000000, 0x0000000764000000, 0x00000007a0000000)
  object space 65536K, 1% used [0x0000000760000000,0x000000076012b208,0x0000000764000000)
 Metaspace       used 16780K, capacity 17028K, committed 17280K, reserved 1064960K
  class space    used 1800K, capacity 1878K, committed 1920K, reserved 1048576K

Card table byte_map: [0x0000000113055000,0x0000000113356000] byte_map_base: 0x000000010f555000

Marking Bits: (ParMarkBitMap*) 0x0000000102d38d20
 Begin Bits: [0x0000000113556000, 0x0000000114d56000)
 End Bits:   [0x0000000114d56000, 0x0000000116556000)

Polling page: 0x00000001033fc000

CodeCache: size=245760Kb used=3488Kb max_used=3488Kb free=242271Kb
 bounds [0x0000000103c95000, 0x0000000104005000, 0x0000000112c95000]
 total_blobs=1662 nmethods=847 adapters=737
 compilation: enabled

Compilation events (10 events):
Event: 4.062 Thread 0x00007fa51a030800 nmethod 839 0x0000000103ff8e50 code [0x0000000103ff9000, 0x0000000103ff9548]
Event: 4.072 Thread 0x00007fa51a818000 nmethod 843 0x0000000103ffcd10 code [0x0000000103ffcea0, 0x0000000103ffd398]
Event: 4.075 Thread 0x00007fa51a030800  844       3       java.nio.DirectByteBuffer::ix (10 bytes)
Event: 4.076 Thread 0x00007fa51a030800 nmethod 844 0x0000000103ffc6d0 code [0x0000000103ffc820, 0x0000000103ffc970]
Event: 4.076 Thread 0x00007fa51a030800  845       3       java.nio.DirectByteBuffer::put (18 bytes)
Event: 4.076 Thread 0x00007fa51a030800 nmethod 845 0x0000000103ffc190 code [0x0000000103ffc300, 0x0000000103ffc570]
Event: 4.076 Thread 0x00007fa51a030800  847       3       com.jogamp.opengl.util.PNGPixelRect::getPixelRGBSame (72 bytes)
Event: 4.076 Thread 0x00007fa51a030800 nmethod 847 0x0000000103ffb7d0 code [0x0000000103ffb980, 0x0000000103ffbf38]
Event: 4.088 Thread 0x00007fa51a030800  848 %     3       ufrrj.bruno.ia.SistemaImunologico::run @ 23 (58 bytes)
Event: 4.090 Thread 0x00007fa51a030800 nmethod 848% 0x0000000103ffd810 code [0x0000000103ffda80, 0x0000000103ffe808]

GC Heap History (2 events):
Event: 2.589 GC heap before
{Heap before GC invocations=1 (full 0):
 PSYoungGen      total 28672K, used 24576K [0x00000007a0000000, 0x00000007a2000000, 0x00000007c0000000)
  eden space 24576K, 100% used [0x00000007a0000000,0x00000007a1800000,0x00000007a1800000)
  from space 4096K, 0% used [0x00000007a1c00000,0x00000007a1c00000,0x00000007a2000000)
  to   space 4096K, 0% used [0x00000007a1800000,0x00000007a1800000,0x00000007a1c00000)
 ParOldGen       total 65536K, used 0K [0x0000000760000000, 0x0000000764000000, 0x00000007a0000000)
  object space 65536K, 0% used [0x0000000760000000,0x0000000760000000,0x0000000764000000)
 Metaspace       used 14811K, capacity 15054K, committed 15232K, reserved 1062912K
  class space    used 1547K, capacity 1647K, committed 1664K, reserved 1048576K
Event: 2.599 GC heap after
Heap after GC invocations=1 (full 0):
 PSYoungGen      total 28672K, used 4080K [0x00000007a0000000, 0x00000007a2000000, 0x00000007c0000000)
  eden space 24576K, 0% used [0x00000007a0000000,0x00000007a0000000,0x00000007a1800000)
  from space 4096K, 99% used [0x00000007a1800000,0x00000007a1bfc050,0x00000007a1c00000)
  to   space 4096K, 0% used [0x00000007a1c00000,0x00000007a1c00000,0x00000007a2000000)
 ParOldGen       total 65536K, used 1196K [0x0000000760000000, 0x0000000764000000, 0x00000007a0000000)
  object space 65536K, 1% used [0x0000000760000000,0x000000076012b208,0x0000000764000000)
 Metaspace       used 14811K, capacity 15054K, committed 15232K, reserved 1062912K
  class space    used 1547K, capacity 1647K, committed 1664K, reserved 1048576K
}

Deoptimization events (3 events):
Event: 1.456 Thread 0x00007fa51a803000 Uncommon trap: reason=unstable_if action=reinterpret pc=0x0000000103deaccc method=java.lang.String.startsWith(Ljava/lang/String;I)Z @ 25
Event: 2.436 Thread 0x00007fa51a803000 Uncommon trap: reason=unstable_if action=reinterpret pc=0x0000000103f47d04 method=java.util.HashMap.getNode(ILjava/lang/Object;)Ljava/util/HashMap$Node; @ 116
Event: 3.925 Thread 0x00007fa51a128000 Uncommon trap: reason=unstable_if action=reinterpret pc=0x0000000103df6860 method=java.lang.CharacterData.of(I)Ljava/lang/CharacterData; @ 4

Internal exceptions (10 events):
Event: 0.405 Thread 0x00007fa51a803000 Exception <a 'java/security/PrivilegedActionException'> (0x00000007a02e8668) thrown at [/Users/java_re/workspace/8-2-build-macosx-x86_64/jdk8u102/7268/hotspot/src/share/vm/prims/jvm.cpp, line 1386]
Event: 0.405 Thread 0x00007fa51a803000 Exception <a 'java/security/PrivilegedActionException'> (0x00000007a02e8878) thrown at [/Users/java_re/workspace/8-2-build-macosx-x86_64/jdk8u102/7268/hotspot/src/share/vm/prims/jvm.cpp, line 1386]
Event: 0.405 Thread 0x00007fa51a803000 Exception <a 'java/security/PrivilegedActionException'> (0x00000007a02ebb80) thrown at [/Users/java_re/workspace/8-2-build-macosx-x86_64/jdk8u102/7268/hotspot/src/share/vm/prims/jvm.cpp, line 1386]
Event: 0.405 Thread 0x00007fa51a803000 Exception <a 'java/security/PrivilegedActionException'> (0x00000007a02ebd90) thrown at [/Users/java_re/workspace/8-2-build-macosx-x86_64/jdk8u102/7268/hotspot/src/share/vm/prims/jvm.cpp, line 1386]
Event: 0.508 Thread 0x00007fa51a803000 Exception <a 'java/lang/UnsatisfiedLinkError': com.jogamp.common.util.JarUtil.fixNativeLibAttribs(Ljava/lang/String;)Z> (0x00000007a0452428) thrown at [/Users/java_re/workspace/8-2-build-macosx-x86_64/jdk8u102/7268/hotspot/src/share/vm/prims/nativeLookup.
Event: 0.577 Thread 0x00007fa51a803000 Exception <a 'java/lang/NoSuchFieldError': method resolution failed> (0x00000007a0525f20) thrown at [/Users/java_re/workspace/8-2-build-macosx-x86_64/jdk8u102/7268/hotspot/src/share/vm/prims/methodHandles.cpp, line 1146]
Event: 0.581 Thread 0x00007fa51a803000 Exception <a 'java/lang/NoSuchFieldError': method resolution failed> (0x00000007a05336f0) thrown at [/Users/java_re/workspace/8-2-build-macosx-x86_64/jdk8u102/7268/hotspot/src/share/vm/prims/methodHandles.cpp, line 1146]
Event: 0.910 Thread 0x00007fa51a803000 Exception <a 'java/io/FileNotFoundException'> (0x00000007a06efde8) thrown at [/Users/java_re/workspace/8-2-build-macosx-x86_64/jdk8u102/7268/hotspot/src/share/vm/prims/jni.cpp, line 709]
Event: 0.910 Thread 0x00007fa51a803000 Exception <a 'java/io/FileNotFoundException'> (0x00000007a06f0950) thrown at [/Users/java_re/workspace/8-2-build-macosx-x86_64/jdk8u102/7268/hotspot/src/share/vm/prims/jni.cpp, line 709]
Event: 2.601 Thread 0x00007fa51b03d800 Exception <a 'java/lang/NullPointerException'> (0x00000007a0000030) thrown at [/Users/java_re/workspace/8-2-build-macosx-x86_64/jdk8u102/7268/hotspot/src/share/vm/interpreter/linkResolver.cpp, line 1178]

Events (10 events):
Event: 4.081 loading class com/jogamp/opengl/util/texture/TextureCoords
Event: 4.081 loading class com/jogamp/opengl/util/texture/TextureCoords done
Event: 4.081 Thread 0x00007fa51a128000 DEOPT PACKING pc=0x0000000103eb0871 sp=0x00007000018e1f50
Event: 4.081 Thread 0x00007fa51a128000 DEOPT UNPACKING pc=0x0000000103cdc633 sp=0x00007000018e1cc0 mode 1
Event: 4.081 Thread 0x00007fa51a128000 DEOPT PACKING pc=0x0000000103e11994 sp=0x00007000018e1fd0
Event: 4.081 Thread 0x00007fa51a128000 DEOPT UNPACKING pc=0x0000000103cdc633 sp=0x00007000018e1e10 mode 1
Event: 4.082 Thread 0x00007fa51a128000 DEOPT PACKING pc=0x0000000103e11734 sp=0x00007000018e2160
Event: 4.082 Thread 0x00007fa51a128000 DEOPT UNPACKING pc=0x0000000103cdc633 sp=0x00007000018e1fa0 mode 1
Event: 4.086 loading class java/nio/DirectFloatBufferU
Event: 4.086 loading class java/nio/DirectFloatBufferU done


Dynamic libraries:
0x0000000007536000 	/System/Library/Frameworks/Cocoa.framework/Versions/A/Cocoa
0x0000000007536000 	/System/Library/Frameworks/Security.framework/Versions/A/Security
0x0000000007536000 	/System/Library/Frameworks/ApplicationServices.framework/Versions/A/ApplicationServices
0x0000000007536000 	/usr/lib/libz.1.dylib
0x0000000007536000 	/usr/lib/libSystem.B.dylib
0x0000000007536000 	/usr/lib/libobjc.A.dylib
0x0000000007536000 	/System/Library/Frameworks/CoreFoundation.framework/Versions/A/CoreFoundation
0x0000000007536000 	/System/Library/Frameworks/Foundation.framework/Versions/C/Foundation
0x0000000007536000 	/System/Library/Frameworks/AppKit.framework/Versions/C/AppKit
0x0000000007536000 	/System/Library/Frameworks/CoreData.framework/Versions/A/CoreData
0x0000000007536000 	/System/Library/PrivateFrameworks/RemoteViewServices.framework/Versions/A/RemoteViewServices
0x0000000007536000 	/System/Library/PrivateFrameworks/UIFoundation.framework/Versions/A/UIFoundation
0x0000000007536000 	/usr/lib/libScreenReader.dylib
0x0000000007536000 	/System/Library/Frameworks/Accelerate.framework/Versions/A/Accelerate
0x0000000007536000 	/System/Library/Frameworks/IOSurface.framework/Versions/A/IOSurface
0x0000000007536000 	/System/Library/Frameworks/AudioToolbox.framework/Versions/A/AudioToolbox
0x0000000007536000 	/System/Library/Frameworks/AudioUnit.framework/Versions/A/AudioUnit
0x0000000007536000 	/System/Library/PrivateFrameworks/DataDetectorsCore.framework/Versions/A/DataDetectorsCore
0x0000000007536000 	/System/Library/PrivateFrameworks/DesktopServicesPriv.framework/Versions/A/DesktopServicesPriv
0x0000000007536000 	/System/Library/Frameworks/Carbon.framework/Versions/A/Frameworks/HIToolbox.framework/Versions/A/HIToolbox
0x0000000007536000 	/System/Library/Frameworks/QuartzCore.framework/Versions/A/QuartzCore
0x0000000007536000 	/System/Library/Frameworks/Carbon.framework/Versions/A/Frameworks/SpeechRecognition.framework/Versions/A/SpeechRecognition
0x0000000007536000 	/usr/lib/libauto.dylib
0x0000000007536000 	/usr/lib/libicucore.A.dylib
0x0000000007536000 	/usr/lib/libxml2.2.dylib
0x0000000007536000 	/System/Library/PrivateFrameworks/CoreUI.framework/Versions/A/CoreUI
0x0000000007536000 	/System/Library/Frameworks/CoreAudio.framework/Versions/A/CoreAudio
0x0000000007536000 	/System/Library/Frameworks/DiskArbitration.framework/Versions/A/DiskArbitration
0x0000000007536000 	/usr/lib/liblangid.dylib
0x0000000007536000 	/System/Library/PrivateFrameworks/MultitouchSupport.framework/Versions/A/MultitouchSupport
0x0000000007536000 	/System/Library/Frameworks/IOKit.framework/Versions/A/IOKit
0x0000000007536000 	/usr/lib/libDiagnosticMessagesClient.dylib
0x0000000007536000 	/System/Library/Frameworks/CoreServices.framework/Versions/A/CoreServices
0x0000000007536000 	/System/Library/PrivateFrameworks/PerformanceAnalysis.framework/Versions/A/PerformanceAnalysis
0x0000000007536000 	/System/Library/PrivateFrameworks/GenerationalStorage.framework/Versions/A/GenerationalStorage
0x0000000007536000 	/System/Library/Frameworks/OpenGL.framework/Versions/A/OpenGL
0x0000000007536000 	/System/Library/PrivateFrameworks/Sharing.framework/Versions/A/Sharing
0x0000000007536000 	/System/Library/Frameworks/CoreGraphics.framework/Versions/A/CoreGraphics
0x0000000007536000 	/System/Library/Frameworks/CoreImage.framework/Versions/A/CoreImage
0x0000000007536000 	/System/Library/Frameworks/CoreText.framework/Versions/A/CoreText
0x0000000007536000 	/System/Library/Frameworks/ImageIO.framework/Versions/A/ImageIO
0x0000000007536000 	/System/Library/PrivateFrameworks/Backup.framework/Versions/A/Backup
0x0000000007536000 	/usr/lib/libextension.dylib
0x0000000007536000 	/usr/lib/libarchive.2.dylib
0x0000000007536000 	/System/Library/Frameworks/CFNetwork.framework/Versions/A/CFNetwork
0x0000000007536000 	/System/Library/Frameworks/SystemConfiguration.framework/Versions/A/SystemConfiguration
0x0000000007536000 	/usr/lib/libCRFSuite.dylib
0x0000000007536000 	/usr/lib/libc++.1.dylib
0x0000000007536000 	/usr/lib/libc++abi.dylib
0x0000000007536000 	/usr/lib/system/libcache.dylib
0x0000000007536000 	/usr/lib/system/libcommonCrypto.dylib
0x0000000007536000 	/usr/lib/system/libcompiler_rt.dylib
0x0000000007536000 	/usr/lib/system/libcopyfile.dylib
0x0000000007536000 	/usr/lib/system/libcorecrypto.dylib
0x0000000007536000 	/usr/lib/system/libdispatch.dylib
0x0000000007536000 	/usr/lib/system/libdyld.dylib
0x0000000007536000 	/usr/lib/system/libkeymgr.dylib
0x0000000007536000 	/usr/lib/system/liblaunch.dylib
0x0000000007536000 	/usr/lib/system/libmacho.dylib
0x0000000007536000 	/usr/lib/system/libquarantine.dylib
0x0000000007536000 	/usr/lib/system/libremovefile.dylib
0x0000000007536000 	/usr/lib/system/libsystem_asl.dylib
0x0000000007536000 	/usr/lib/system/libsystem_blocks.dylib
0x0000000007536000 	/usr/lib/system/libsystem_c.dylib
0x0000000007536000 	/usr/lib/system/libsystem_configuration.dylib
0x0000000007536000 	/usr/lib/system/libsystem_coreservices.dylib
0x0000000007536000 	/usr/lib/system/libsystem_coretls.dylib
0x0000000007536000 	/usr/lib/system/libsystem_dnssd.dylib
0x0000000007536000 	/usr/lib/system/libsystem_info.dylib
0x0000000007536000 	/usr/lib/system/libsystem_kernel.dylib
0x0000000007536000 	/usr/lib/system/libsystem_m.dylib
0x0000000007536000 	/usr/lib/system/libsystem_malloc.dylib
0x0000000007536000 	/usr/lib/system/libsystem_network.dylib
0x0000000007536000 	/usr/lib/system/libsystem_networkextension.dylib
0x0000000007536000 	/usr/lib/system/libsystem_notify.dylib
0x0000000007536000 	/usr/lib/system/libsystem_platform.dylib
0x0000000007536000 	/usr/lib/system/libsystem_pthread.dylib
0x0000000007536000 	/usr/lib/system/libsystem_sandbox.dylib
0x0000000007536000 	/usr/lib/system/libsystem_secinit.dylib
0x0000000007536000 	/usr/lib/system/libsystem_trace.dylib
0x0000000007536000 	/usr/lib/system/libunc.dylib
0x0000000007536000 	/usr/lib/system/libunwind.dylib
0x0000000007536000 	/usr/lib/system/libxpc.dylib
0x0000000007536000 	/usr/lib/libenergytrace.dylib
0x0000000007536000 	/usr/lib/libbsm.0.dylib
0x0000000007536000 	/usr/lib/system/libkxld.dylib
0x0000000007536000 	/usr/lib/libxar.1.dylib
0x0000000007536000 	/usr/lib/libsqlite3.dylib
0x0000000007536000 	/usr/lib/libpam.2.dylib
0x0000000007536000 	/usr/lib/libOpenScriptingUtil.dylib
0x0000000007536000 	/usr/lib/libbz2.1.0.dylib
0x0000000007536000 	/usr/lib/liblzma.5.dylib
0x0000000007536000 	/System/Library/Frameworks/CoreServices.framework/Versions/A/Frameworks/FSEvents.framework/Versions/A/FSEvents
0x0000000007536000 	/System/Library/Frameworks/CoreServices.framework/Versions/A/Frameworks/CarbonCore.framework/Versions/A/CarbonCore
0x0000000007536000 	/System/Library/Frameworks/CoreServices.framework/Versions/A/Frameworks/Metadata.framework/Versions/A/Metadata
0x0000000007536000 	/System/Library/Frameworks/CoreServices.framework/Versions/A/Frameworks/OSServices.framework/Versions/A/OSServices
0x0000000007536000 	/System/Library/Frameworks/CoreServices.framework/Versions/A/Frameworks/SearchKit.framework/Versions/A/SearchKit
0x0000000007536000 	/System/Library/Frameworks/CoreServices.framework/Versions/A/Frameworks/AE.framework/Versions/A/AE
0x0000000007536000 	/System/Library/Frameworks/CoreServices.framework/Versions/A/Frameworks/LaunchServices.framework/Versions/A/LaunchServices
0x0000000007536000 	/System/Library/Frameworks/CoreServices.framework/Versions/A/Frameworks/DictionaryServices.framework/Versions/A/DictionaryServices
0x0000000007536000 	/System/Library/Frameworks/CoreServices.framework/Versions/A/Frameworks/SharedFileList.framework/Versions/A/SharedFileList
0x0000000007536000 	/System/Library/Frameworks/NetFS.framework/Versions/A/NetFS
0x0000000007536000 	/System/Library/PrivateFrameworks/NetAuth.framework/Versions/A/NetAuth
0x0000000007536000 	/System/Library/PrivateFrameworks/login.framework/Versions/A/Frameworks/loginsupport.framework/Versions/A/loginsupport
0x0000000007536000 	/System/Library/PrivateFrameworks/TCC.framework/Versions/A/TCC
0x0000000007536000 	/usr/lib/libmecabra.dylib
0x0000000007536000 	/System/Library/Frameworks/ApplicationServices.framework/Versions/A/Frameworks/ATS.framework/Versions/A/ATS
0x0000000007536000 	/System/Library/Frameworks/ApplicationServices.framework/Versions/A/Frameworks/ColorSync.framework/Versions/A/ColorSync
0x0000000007536000 	/System/Library/Frameworks/ApplicationServices.framework/Versions/A/Frameworks/HIServices.framework/Versions/A/HIServices
0x0000000007536000 	/System/Library/Frameworks/ApplicationServices.framework/Versions/A/Frameworks/LangAnalysis.framework/Versions/A/LangAnalysis
0x0000000007536000 	/System/Library/Frameworks/ApplicationServices.framework/Versions/A/Frameworks/PrintCore.framework/Versions/A/PrintCore
0x0000000007536000 	/System/Library/Frameworks/ApplicationServices.framework/Versions/A/Frameworks/QD.framework/Versions/A/QD
0x0000000007536000 	/System/Library/Frameworks/ApplicationServices.framework/Versions/A/Frameworks/SpeechSynthesis.framework/Versions/A/SpeechSynthesis
0x0000000007536000 	/System/Library/Frameworks/Metal.framework/Versions/A/Metal
0x0000000007536000 	/System/Library/Frameworks/Accelerate.framework/Versions/A/Frameworks/vImage.framework/Versions/A/vImage
0x0000000007536000 	/System/Library/Frameworks/Accelerate.framework/Versions/A/Frameworks/vecLib.framework/Versions/A/vecLib
0x0000000007536000 	/System/Library/Frameworks/Accelerate.framework/Versions/A/Frameworks/vecLib.framework/Versions/A/libvDSP.dylib
0x0000000007536000 	/System/Library/Frameworks/Accelerate.framework/Versions/A/Frameworks/vecLib.framework/Versions/A/libvMisc.dylib
0x0000000007536000 	/System/Library/Frameworks/Accelerate.framework/Versions/A/Frameworks/vecLib.framework/Versions/A/libLAPACK.dylib
0x0000000007536000 	/System/Library/Frameworks/Accelerate.framework/Versions/A/Frameworks/vecLib.framework/Versions/A/libBLAS.dylib
0x0000000007536000 	/System/Library/Frameworks/Accelerate.framework/Versions/A/Frameworks/vecLib.framework/Versions/A/libLinearAlgebra.dylib
0x0000000007536000 	/System/Library/Frameworks/Accelerate.framework/Versions/A/Frameworks/vecLib.framework/Versions/A/libSparseBLAS.dylib
0x0000000007536000 	/System/Library/PrivateFrameworks/GPUCompiler.framework/libmetal_timestamp.dylib
0x0000000007536000 	/System/Library/Frameworks/OpenGL.framework/Versions/A/Libraries/libCoreFSCache.dylib
0x0000000007536000 	/System/Library/PrivateFrameworks/IOAccelerator.framework/Versions/A/IOAccelerator
0x0000000007536000 	/System/Library/Frameworks/ApplicationServices.framework/Versions/A/Frameworks/ATS.framework/Versions/A/Resources/libFontParser.dylib
0x0000000007536000 	/System/Library/Frameworks/ApplicationServices.framework/Versions/A/Frameworks/ATS.framework/Versions/A/Resources/libFontRegistry.dylib
0x0000000007536000 	/System/Library/PrivateFrameworks/AppleVPA.framework/Versions/A/AppleVPA
0x0000000007536000 	/System/Library/PrivateFrameworks/AppleJPEG.framework/Versions/A/AppleJPEG
0x0000000007536000 	/System/Library/Frameworks/ImageIO.framework/Versions/A/Resources/libJPEG.dylib
0x0000000007536000 	/System/Library/Frameworks/ImageIO.framework/Versions/A/Resources/libTIFF.dylib
0x0000000007536000 	/System/Library/Frameworks/ImageIO.framework/Versions/A/Resources/libPng.dylib
0x0000000007536000 	/System/Library/Frameworks/ImageIO.framework/Versions/A/Resources/libGIF.dylib
0x0000000007536000 	/System/Library/Frameworks/ImageIO.framework/Versions/A/Resources/libJP2.dylib
0x0000000007536000 	/System/Library/Frameworks/ImageIO.framework/Versions/A/Resources/libRadiance.dylib
0x0000000007536000 	/System/Library/Frameworks/CoreVideo.framework/Versions/A/CoreVideo
0x0000000007536000 	/System/Library/Frameworks/OpenGL.framework/Versions/A/Libraries/libGLU.dylib
0x0000000007536000 	/System/Library/Frameworks/OpenGL.framework/Versions/A/Libraries/libGFXShared.dylib
0x0000000007536000 	/System/Library/Frameworks/OpenGL.framework/Versions/A/Libraries/libGL.dylib
0x0000000007536000 	/System/Library/Frameworks/OpenGL.framework/Versions/A/Libraries/libGLImage.dylib
0x0000000007536000 	/System/Library/Frameworks/OpenGL.framework/Versions/A/Libraries/libCVMSPluginSupport.dylib
0x0000000007536000 	/System/Library/Frameworks/OpenGL.framework/Versions/A/Libraries/libCoreVMClient.dylib
0x0000000007536000 	/usr/lib/libcompression.dylib
0x0000000007536000 	/usr/lib/libcups.2.dylib
0x0000000007536000 	/System/Library/Frameworks/Kerberos.framework/Versions/A/Kerberos
0x0000000007536000 	/System/Library/Frameworks/GSS.framework/Versions/A/GSS
0x0000000007536000 	/usr/lib/libresolv.9.dylib
0x0000000007536000 	/usr/lib/libiconv.2.dylib
0x0000000007536000 	/System/Library/PrivateFrameworks/Heimdal.framework/Versions/A/Heimdal
0x0000000007536000 	/usr/lib/libheimdal-asn1.dylib
0x0000000007536000 	/System/Library/Frameworks/OpenDirectory.framework/Versions/A/OpenDirectory
0x0000000007536000 	/System/Library/PrivateFrameworks/CommonAuth.framework/Versions/A/CommonAuth
0x0000000007536000 	/System/Library/Frameworks/OpenDirectory.framework/Versions/A/Frameworks/CFOpenDirectory.framework/Versions/A/CFOpenDirectory
0x0000000007536000 	/System/Library/Frameworks/SecurityFoundation.framework/Versions/A/SecurityFoundation
0x0000000007536000 	/System/Library/PrivateFrameworks/LanguageModeling.framework/Versions/A/LanguageModeling
0x0000000007536000 	/usr/lib/libmarisa.dylib
0x0000000007536000 	/usr/lib/libChineseTokenizer.dylib
0x0000000007536000 	/usr/lib/libcmph.dylib
0x0000000007536000 	/System/Library/Frameworks/ServiceManagement.framework/Versions/A/ServiceManagement
0x0000000007536000 	/usr/lib/libxslt.1.dylib
0x0000000007536000 	/System/Library/Frameworks/Carbon.framework/Versions/A/Frameworks/Ink.framework/Versions/A/Ink
0x0000000007536000 	/usr/lib/libFosl_dynamic.dylib
0x0000000007536000 	/System/Library/PrivateFrameworks/FaceCore.framework/Versions/A/FaceCore
0x0000000007536000 	/System/Library/Frameworks/OpenCL.framework/Versions/A/OpenCL
0x0000000007536000 	/System/Library/PrivateFrameworks/CrashReporterSupport.framework/Versions/A/CrashReporterSupport
0x0000000007536000 	/System/Library/PrivateFrameworks/IconServices.framework/Versions/A/IconServices
0x0000000007536000 	/System/Library/PrivateFrameworks/Apple80211.framework/Versions/A/Apple80211
0x0000000007536000 	/System/Library/Frameworks/CoreWLAN.framework/Versions/A/CoreWLAN
0x0000000007536000 	/System/Library/Frameworks/IOBluetooth.framework/Versions/A/IOBluetooth
0x0000000007536000 	/System/Library/PrivateFrameworks/CoreWiFi.framework/Versions/A/CoreWiFi
0x0000000007536000 	/System/Library/Frameworks/CoreBluetooth.framework/Versions/A/CoreBluetooth
0x0000000007536000 	/System/Library/PrivateFrameworks/ChunkingLibrary.framework/Versions/A/ChunkingLibrary
0x0000000007536000 	/System/Library/PrivateFrameworks/DebugSymbols.framework/Versions/A/DebugSymbols
0x0000000007536000 	/System/Library/PrivateFrameworks/CoreSymbolication.framework/Versions/A/CoreSymbolication
0x0000000007536000 	/System/Library/PrivateFrameworks/Symbolication.framework/Versions/A/Symbolication
0x0000000007536000 	/System/Library/PrivateFrameworks/SpeechRecognitionCore.framework/Versions/A/SpeechRecognitionCore
0x0000000102449000 	/Library/Java/JavaVirtualMachines/jdk1.8.0_102.jdk/Contents/Home/jre/lib/server/libjvm.dylib
0x0000000007536000 	/usr/lib/libstdc++.6.dylib
0x00000001033ee000 	/Library/Java/JavaVirtualMachines/jdk1.8.0_102.jdk/Contents/Home/jre/lib/libverify.dylib
0x0000000103c00000 	/Library/Java/JavaVirtualMachines/jdk1.8.0_102.jdk/Contents/Home/jre/lib/libjava.dylib
0x0000000103c35000 	/Library/Java/JavaVirtualMachines/jdk1.8.0_102.jdk/Contents/Home/jre/lib/libjdwp.dylib
0x0000000103c80000 	/Library/Java/JavaVirtualMachines/jdk1.8.0_102.jdk/Contents/Home/jre/lib/libnpt.dylib
0x0000000103c8c000 	/Library/Java/JavaVirtualMachines/jdk1.8.0_102.jdk/Contents/Home/jre/lib/libzip.dylib
0x0000000118343000 	/System/Library/Frameworks/JavaVM.framework/Frameworks/JavaRuntimeSupport.framework/JavaRuntimeSupport
0x000000011835e000 	/System/Library/Frameworks/JavaVM.framework/Versions/A/Frameworks/JavaNativeFoundation.framework/Versions/A/JavaNativeFoundation
0x0000000118373000 	/System/Library/Frameworks/JavaVM.framework/Versions/A/JavaVM
0x0000000007536000 	/System/Library/Frameworks/Carbon.framework/Versions/A/Carbon
0x0000000118380000 	/System/Library/PrivateFrameworks/JavaLaunching.framework/Versions/A/JavaLaunching
0x0000000007536000 	/System/Library/Frameworks/Carbon.framework/Versions/A/Frameworks/CommonPanels.framework/Versions/A/CommonPanels
0x0000000007536000 	/System/Library/Frameworks/Carbon.framework/Versions/A/Frameworks/Help.framework/Versions/A/Help
0x0000000007536000 	/System/Library/Frameworks/Carbon.framework/Versions/A/Frameworks/ImageCapture.framework/Versions/A/ImageCapture
0x0000000007536000 	/System/Library/Frameworks/Carbon.framework/Versions/A/Frameworks/OpenScripting.framework/Versions/A/OpenScripting
0x0000000007536000 	/System/Library/Frameworks/Carbon.framework/Versions/A/Frameworks/Print.framework/Versions/A/Print
0x0000000007536000 	/System/Library/Frameworks/Carbon.framework/Versions/A/Frameworks/SecurityHI.framework/Versions/A/SecurityHI
0x0000000119ca3000 	/Library/Java/JavaVirtualMachines/jdk1.8.0_102.jdk/Contents/Home/jre/lib/libdt_socket.dylib
0x0000000119d15000 	/Library/Java/JavaVirtualMachines/jdk1.8.0_102.jdk/Contents/Home/jre/lib/libnet.dylib
0x0000000119d74000 	/Library/Java/JavaVirtualMachines/jdk1.8.0_102.jdk/Contents/Home/jre/lib/libnio.dylib
0x0000000119d85000 	/private/var/folders/3b/clmh0p6x2qd6p7hvvf5d328r0000gn/T/jogamp_0000/file_cache/jln397484827771078450/jln3916324963653654881/natives/macosx-universal/libgluegen-rt.jnilib
0x0000000119d8e000 	/Library/Java/JavaVirtualMachines/jdk1.8.0_102.jdk/Contents/Home/jre/lib/libawt.dylib
0x0000000119e36000 	/Library/Java/JavaVirtualMachines/jdk1.8.0_102.jdk/Contents/Home/jre/lib/./libmlib_image.dylib
0x0000000119f02000 	/Library/Java/JavaVirtualMachines/jdk1.8.0_102.jdk/Contents/Home/jre/lib/libawt_lwawt.dylib
0x0000000119fb7000 	/Library/Java/JavaVirtualMachines/jdk1.8.0_102.jdk/Contents/Home/jre/lib/./libosxapp.dylib
0x0000000007536000 	/System/Library/Frameworks/ExceptionHandling.framework/Versions/A/ExceptionHandling
0x0000000007536000 	/System/Library/PrivateFrameworks/CoreServicesInternal.framework/Versions/A/CoreServicesInternal
0x000000011aac3000 	/System/Library/Frameworks/CoreGraphics.framework/Versions/A/Resources/libRIP.A.dylib
0x0000000007536000 	/System/Library/Frameworks/Accelerate.framework/Versions/A/Frameworks/vImage.framework/Versions/A/Libraries/libCGInterfaces.dylib
0x000000011ad5e000 	/System/Library/Frameworks/CoreGraphics.framework/Versions/A/Resources/libCGXType.A.dylib
0x0000000007536000 	/System/Library/Frameworks/OpenCL.framework/Versions/A/Libraries/libcldcpuengine.dylib
0x0000000007536000 	/System/Library/PrivateFrameworks/DiskImages.framework/Versions/A/DiskImages
0x0000000007536000 	/System/Library/Frameworks/DiscRecording.framework/Versions/A/DiscRecording
0x0000000007536000 	/usr/lib/libcsfde.dylib
0x0000000007536000 	/usr/lib/libcurl.4.dylib
0x0000000007536000 	/System/Library/PrivateFrameworks/MediaKit.framework/Versions/A/MediaKit
0x0000000007536000 	/System/Library/PrivateFrameworks/ProtectedCloudStorage.framework/Versions/A/ProtectedCloudStorage
0x0000000007536000 	/usr/lib/libCoreStorage.dylib
0x0000000007536000 	/System/Library/PrivateFrameworks/EFILogin.framework/Versions/A/EFILogin
0x0000000007536000 	/usr/lib/libutil.dylib
0x0000000007536000 	/System/Library/PrivateFrameworks/FindMyDevice.framework/Versions/A/FindMyDevice
0x0000000007536000 	/System/Library/Frameworks/LDAP.framework/Versions/A/LDAP
0x0000000007536000 	/usr/lib/libsasl2.2.dylib
0x0000000007536000 	/System/Library/PrivateFrameworks/CoreDaemon.framework/Versions/B/CoreDaemon
0x0000000007536000 	/usr/lib/libcrypto.0.9.8.dylib
0x0000000007536000 	/System/Library/PrivateFrameworks/AppleSRP.framework/Versions/A/AppleSRP
0x0000000007536000 	/System/Library/PrivateFrameworks/TrustEvaluationAgent.framework/Versions/A/TrustEvaluationAgent
0x000000011bae6000 	cl_kernels
0x0000000007536000 	/System/Library/Frameworks/OpenCL.framework/Versions/A/Libraries/ImageFormats/unorm8_bgra.dylib
0x0000000007536000 	/System/Library/Frameworks/OpenCL.framework/Versions/A/Libraries/ImageFormats/unorm8_rgba.dylib
0x0000000007536000 	/System/Library/PrivateFrameworks/FamilyControls.framework/Versions/A/FamilyControls
0x0000000007536000 	/System/Library/PrivateFrameworks/CommerceKit.framework/Versions/A/Frameworks/CommerceCore.framework/Versions/A/CommerceCore
0x0000000007536000 	/System/Library/PrivateFrameworks/SystemAdministration.framework/Versions/A/SystemAdministration
0x0000000007536000 	/System/Library/PrivateFrameworks/AppContainer.framework/Versions/A/AppContainer
0x0000000007536000 	/System/Library/PrivateFrameworks/SecCodeWrapper.framework/Versions/A/SecCodeWrapper
0x0000000007536000 	/System/Library/Frameworks/DirectoryService.framework/Versions/A/DirectoryService
0x0000000007536000 	/System/Library/PrivateFrameworks/LoginUIKit.framework/Versions/A/Frameworks/LoginUICore.framework/Versions/A/LoginUICore
0x0000000007536000 	/usr/lib/libodfde.dylib
0x000000011cb7a000 	/Library/Java/JavaVirtualMachines/jdk1.8.0_102.jdk/Contents/Home/jre/lib/libfontmanager.dylib
0x000000011ace2000 	/private/var/folders/3b/clmh0p6x2qd6p7hvvf5d328r0000gn/T/jogamp_0000/file_cache/jln397484827771078450/jln3916324963653654881/natives/macosx-universal/libnativewindow_awt.jnilib
0x000000011ace5000 	/Library/Java/JavaVirtualMachines/jdk1.8.0_102.jdk/Contents/Home/jre/lib/libjawt.dylib
0x0000000007536000 	/System/Library/Frameworks/OpenGL.framework/Versions/A/Resources/GLEngine.bundle/GLEngine
0x0000000007536000 	/System/Library/Frameworks/OpenGL.framework/Versions/A/Libraries/libGLProgrammability.dylib
0x000000011cbe1000 	/System/Library/Extensions/AppleIntelHD5000GraphicsGLDriver.bundle/Contents/MacOS/AppleIntelHD5000GraphicsGLDriver
0x0000000007536000 	/System/Library/PrivateFrameworks/GPUSupport.framework/Versions/A/Libraries/libGPUSupportMercury.dylib
0x0000000007536000 	/System/Library/Frameworks/OpenGL.framework/Versions/A/Resources/GLRendererFloat.bundle/GLRendererFloat
0x000000011dbc3000 	/private/var/folders/3b/clmh0p6x2qd6p7hvvf5d328r0000gn/T/jogamp_0000/file_cache/jln397484827771078450/jln3916324963653654881/natives/macosx-universal/libnativewindow_macosx.jnilib
0x000000011e065000 	/private/var/folders/3b/clmh0p6x2qd6p7hvvf5d328r0000gn/T/jogamp_0000/file_cache/jln397484827771078450/jln3916324963653654881/natives/macosx-universal/libjogl_desktop.jnilib
0x000000011e139000 	/private/var/folders/3b/clmh0p6x2qd6p7hvvf5d328r0000gn/T/jogamp_0000/file_cache/jln397484827771078450/jln3916324963653654881/natives/macosx-universal/libjogl_mobile.jnilib
0x000000011e1a0000 	/Library/Java/JavaVirtualMachines/jdk1.8.0_102.jdk/Contents/Home/jre/lib/libosxui.dylib
0x00000001214df000 	/System/Library/Extensions/AppleIntelHD5000GraphicsMTLDriver.bundle/Contents/MacOS/AppleIntelHD5000GraphicsMTLDriver
0x0000000007536000 	/System/Library/Frameworks/ApplicationServices.framework/Versions/A/Frameworks/ATS.framework/Versions/A/Resources/libTrueTypeScaler.dylib

VM Arguments:
jvm_args: -Xdebug -Xrunjdwp:transport=dt_socket,address=localhost:49821 -Dfile.encoding=UTF-8 
java_command: ufrrj.bruno.ia.Main
java_class_path (initial): /Users/bruno/SistemaImunologicoArtificial/libs:/Users/bruno/SistemaImunologicoArtificial/neuroph-core-2.92.jar:/Users/bruno/SistemaImunologicoArtificial/libs/JOGL/gluegen-rt.jar:/Users/bruno/SistemaImunologicoArtificial/libs/JOGL/gluegen.jar:/Users/bruno/SistemaImunologicoArtificial/libs/JOGL/jogl-all-natives-linux-amd64.jar:/Users/bruno/SistemaImunologicoArtificial/libs/JOGL/jogl-all-natives-linux-i586.jar:/Users/bruno/SistemaImunologicoArtificial/libs/JOGL/jogl-all-natives-macosx-universal.jar:/Users/bruno/SistemaImunologicoArtificial/libs/JOGL/jogl-all-natives-windows-amd64.jar:/Users/bruno/SistemaImunologicoArtificial/libs/JOGL/jogl-all-natives-windows-i586.jar:/Users/bruno/SistemaImunologicoArtificial/libs/JOGL/jogl-all.jar:/Users/bruno/SistemaImunologicoArtificial/build/classes
Launcher Type: SUN_STANDARD

Environment Variables:
PATH=/usr/bin:/bin:/usr/sbin:/sbin
LD_LIBRARY_PATH=/Library/Java/JavaVirtualMachines/jdk1.8.0_102.jdk/Contents/Home/jre/lib/amd64:/Library/Java/JavaVirtualMachines/jdk1.8.0_102.jdk/Contents/Home/jre/lib/i386:
SHELL=/bin/bash
DYLD_LIBRARY_PATH=/Applications/NetBeans/NetBeans 8.1.app/Contents/Resources/NetBeans/webcommon/bin:

Signal Handlers:
SIGSEGV: [libjvm.dylib+0x5b0579], sa_mask[0]=11111111011111110111111111111111, sa_flags=SA_ONSTACK|SA_RESTART|SA_SIGINFO
SIGBUS: [libjvm.dylib+0x5b0579], sa_mask[0]=11111111011111110111111111111111, sa_flags=SA_RESTART|SA_SIGINFO
SIGFPE: [libjvm.dylib+0x4874e4], sa_mask[0]=11111111011111110111111111111111, sa_flags=SA_RESTART|SA_SIGINFO
SIGPIPE: [libjvm.dylib+0x4874e4], sa_mask[0]=11111111011111110111111111111111, sa_flags=SA_RESTART|SA_SIGINFO
SIGXFSZ: [libjvm.dylib+0x4874e4], sa_mask[0]=11111111011111110111111111111111, sa_flags=SA_RESTART|SA_SIGINFO
SIGILL: [libjvm.dylib+0x4874e4], sa_mask[0]=11111111011111110111111111111111, sa_flags=SA_RESTART|SA_SIGINFO
SIGUSR1: SIG_DFL, sa_mask[0]=00000000000000000000000000000000, sa_flags=none
SIGUSR2: [libjvm.dylib+0x487002], sa_mask[0]=00100000000000000000000000000000, sa_flags=SA_RESTART|SA_SIGINFO
SIGHUP: [libjvm.dylib+0x4855d9], sa_mask[0]=11111111011111110111111111111111, sa_flags=SA_RESTART|SA_SIGINFO
SIGINT: SIG_IGN, sa_mask[0]=00000000000000000000000000000000, sa_flags=none
SIGTERM: [libjvm.dylib+0x4855d9], sa_mask[0]=11111111011111110111111111111111, sa_flags=SA_RESTART|SA_SIGINFO
SIGQUIT: [libjvm.dylib+0x4855d9], sa_mask[0]=11111111011111110111111111111111, sa_flags=SA_RESTART|SA_SIGINFO


---------------  S Y S T E M  ---------------

OS:Bsduname:Darwin 15.6.0 Darwin Kernel Version 15.6.0: Mon Aug 29 20:21:34 PDT 2016; root:xnu-3248.60.11~1/RELEASE_X86_64 x86_64
rlimit: STACK 8192k, CORE 0k, NPROC 709, NOFILE 10240, AS infinity
load average:1.67 1.44 1.35

CPU:total 4 (2 cores per cpu, 2 threads per core) family 6 model 69 stepping 1, cmov, cx8, fxsr, mmx, sse, sse2, sse3, ssse3, sse4.1, sse4.2, popcnt, avx, avx2, aes, clmul, erms, lzcnt, ht, tsc, tscinvbit, bmi1, bmi2

Memory: 4k page, physical 6291456k(81796k free)

/proc/meminfo:


vm_info: Java HotSpot(TM) 64-Bit Server VM (25.102-b14) for bsd-amd64 JRE (1.8.0_102-b14), built on Jun 22 2016 11:42:36 by "java_re" with gcc 4.2.1 (Based on Apple Inc. build 5658) (LLVM build 2336.11.00)

time: Tue Sep  6 09:17:37 2016
elapsed time: 4 seconds (0d 0h 0m 4s)

